have_header: checking for openssl/ssl.h... -------------------- yes

DYLD_LIBRARY_PATH=.:/Users/stephansmith/.rbenv/versions/3.3.5/lib "clang -o conftest -I/Users/stephansmith/.rbenv/versions/3.3.5/include/ruby-3.3.0/x86_64-darwin24 -I/Users/stephansmith/.rbenv/versions/3.3.5/include/ruby-3.3.0/ruby/backward -I/Users/stephansmith/.rbenv/versions/3.3.5/include/ruby-3.3.0 -I. -I/usr/local/opt/openssl@3/include -D_XOPEN_SOURCE -D_DARWIN_C_SOURCE -D_DARWIN_UNLIMITED_SELECT -D_REENTRANT   -fdeclspec -O3 -fno-fast-math -ggdb3 -Wall -Wextra -Wextra-tokens -Wdeprecated-declarations -Wdivision-by-zero -Wdiv-by-zero -Wimplicit-function-declaration -Wimplicit-int -Wpointer-arith -Wshorten-64-to-32 -Wwrite-strings -Wold-style-definition -Wmissing-noreturn -Wno-cast-function-type -Wno-constant-logical-operand -Wno-long-long -Wno-missing-field-initializers -Wno-overlength-strings -Wno-parentheses-equality -Wno-self-assign -Wno-tautological-compare -Wno-unused-parameter -Wno-unused-value -Wunused-variable -Wmisleading-indentation -Wundef  -fno-common -pipe conftest.c  -L. -L/Users/stephansmith/.rbenv/versions/3.3.5/lib -L/usr/local/opt/openssl@3/lib -L. -fstack-protector-strong -L/usr/local/opt/gmp/lib     -lruby.3.3  -lpthread  "
checked program was:
/* begin */
1: #include "ruby.h"
2: 
3: int main(int argc, char **argv)
4: {
5:   return !!argv[argc];
6: }
/* end */

DYLD_LIBRARY_PATH=.:/Users/stephansmith/.rbenv/versions/3.3.5/lib "clang -I/Users/stephansmith/.rbenv/versions/3.3.5/include/ruby-3.3.0/x86_64-darwin24 -I/Users/stephansmith/.rbenv/versions/3.3.5/include/ruby-3.3.0/ruby/backward -I/Users/stephansmith/.rbenv/versions/3.3.5/include/ruby-3.3.0 -I. -I/usr/local/opt/openssl@3/include -D_XOPEN_SOURCE -D_DARWIN_C_SOURCE -D_DARWIN_UNLIMITED_SELECT -D_REENTRANT   -fdeclspec -O3 -fno-fast-math -ggdb3 -Wall -Wextra -Wextra-tokens -Wdeprecated-declarations -Wdivision-by-zero -Wdiv-by-zero -Wimplicit-function-declaration -Wimplicit-int -Wpointer-arith -Wshorten-64-to-32 -Wwrite-strings -Wold-style-definition -Wmissing-noreturn -Wno-cast-function-type -Wno-constant-logical-operand -Wno-long-long -Wno-missing-field-initializers -Wno-overlength-strings -Wno-parentheses-equality -Wno-self-assign -Wno-tautological-compare -Wno-unused-parameter -Wno-unused-value -Wunused-variable -Wmisleading-indentation -Wundef  -fno-common -pipe   -c conftest.c"
checked program was:
/* begin */
1: #include "ruby.h"
2: 
3: #include <openssl/ssl.h>
/* end */

--------------------

have_header: checking for openssl/err.h... -------------------- yes

DYLD_LIBRARY_PATH=.:/Users/stephansmith/.rbenv/versions/3.3.5/lib "clang -I/Users/stephansmith/.rbenv/versions/3.3.5/include/ruby-3.3.0/x86_64-darwin24 -I/Users/stephansmith/.rbenv/versions/3.3.5/include/ruby-3.3.0/ruby/backward -I/Users/stephansmith/.rbenv/versions/3.3.5/include/ruby-3.3.0 -I. -I/usr/local/opt/openssl@3/include -D_XOPEN_SOURCE -D_DARWIN_C_SOURCE -D_DARWIN_UNLIMITED_SELECT -D_REENTRANT   -fdeclspec -O3 -fno-fast-math -ggdb3 -Wall -Wextra -Wextra-tokens -Wdeprecated-declarations -Wdivision-by-zero -Wdiv-by-zero -Wimplicit-function-declaration -Wimplicit-int -Wpointer-arith -Wshorten-64-to-32 -Wwrite-strings -Wold-style-definition -Wmissing-noreturn -Wno-cast-function-type -Wno-constant-logical-operand -Wno-long-long -Wno-missing-field-initializers -Wno-overlength-strings -Wno-parentheses-equality -Wno-self-assign -Wno-tautological-compare -Wno-unused-parameter -Wno-unused-value -Wunused-variable -Wmisleading-indentation -Wundef  -fno-common -pipe   -c conftest.c"
checked program was:
/* begin */
1: #include "ruby.h"
2: 
3: #include <openssl/err.h>
/* end */

--------------------

have_library: checking for BIO_read() in -lcrypto... -------------------- yes

DYLD_LIBRARY_PATH=.:/Users/stephansmith/.rbenv/versions/3.3.5/lib "clang -o conftest -I/Users/stephansmith/.rbenv/versions/3.3.5/include/ruby-3.3.0/x86_64-darwin24 -I/Users/stephansmith/.rbenv/versions/3.3.5/include/ruby-3.3.0/ruby/backward -I/Users/stephansmith/.rbenv/versions/3.3.5/include/ruby-3.3.0 -I. -I/usr/local/opt/openssl@3/include -D_XOPEN_SOURCE -D_DARWIN_C_SOURCE -D_DARWIN_UNLIMITED_SELECT -D_REENTRANT   -fdeclspec -O3 -fno-fast-math -ggdb3 -Wall -Wextra -Wextra-tokens -Wdeprecated-declarations -Wdivision-by-zero -Wdiv-by-zero -Wimplicit-function-declaration -Wimplicit-int -Wpointer-arith -Wshorten-64-to-32 -Wwrite-strings -Wold-style-definition -Wmissing-noreturn -Wno-cast-function-type -Wno-constant-logical-operand -Wno-long-long -Wno-missing-field-initializers -Wno-overlength-strings -Wno-parentheses-equality -Wno-self-assign -Wno-tautological-compare -Wno-unused-parameter -Wno-unused-value -Wunused-variable -Wmisleading-indentation -Wundef  -fno-common -pipe conftest.c  -L. -L/Users/stephansmith/.rbenv/versions/3.3.5/lib -L/usr/local/opt/openssl@3/lib -L. -fstack-protector-strong -L/usr/local/opt/gmp/lib     -lruby.3.3  -lcrypto -lpthread  "
conftest.c:14:57: error: use of undeclared identifier 'BIO_read'
   14 | int t(void) { void ((*volatile p)()); p = (void ((*)()))BIO_read; return !p; }
      |                                                         ^
1 error generated.
checked program was:
/* begin */
 1: #include "ruby.h"
 2: 
 3: /*top*/
 4: extern int t(void);
 5: int main(int argc, char **argv)
 6: {
 7:   if (argc > 1000000) {
 8:     int (* volatile tp)(void)=(int (*)(void))&t;
 9:     printf("%d", (*tp)());
10:   }
11: 
12:   return !!argv[argc];
13: }
14: int t(void) { void ((*volatile p)()); p = (void ((*)()))BIO_read; return !p; }
/* end */

DYLD_LIBRARY_PATH=.:/Users/stephansmith/.rbenv/versions/3.3.5/lib "clang -o conftest -I/Users/stephansmith/.rbenv/versions/3.3.5/include/ruby-3.3.0/x86_64-darwin24 -I/Users/stephansmith/.rbenv/versions/3.3.5/include/ruby-3.3.0/ruby/backward -I/Users/stephansmith/.rbenv/versions/3.3.5/include/ruby-3.3.0 -I. -I/usr/local/opt/openssl@3/include -D_XOPEN_SOURCE -D_DARWIN_C_SOURCE -D_DARWIN_UNLIMITED_SELECT -D_REENTRANT   -fdeclspec -O3 -fno-fast-math -ggdb3 -Wall -Wextra -Wextra-tokens -Wdeprecated-declarations -Wdivision-by-zero -Wdiv-by-zero -Wimplicit-function-declaration -Wimplicit-int -Wpointer-arith -Wshorten-64-to-32 -Wwrite-strings -Wold-style-definition -Wmissing-noreturn -Wno-cast-function-type -Wno-constant-logical-operand -Wno-long-long -Wno-missing-field-initializers -Wno-overlength-strings -Wno-parentheses-equality -Wno-self-assign -Wno-tautological-compare -Wno-unused-parameter -Wno-unused-value -Wunused-variable -Wmisleading-indentation -Wundef  -fno-common -pipe conftest.c  -L. -L/Users/stephansmith/.rbenv/versions/3.3.5/lib -L/usr/local/opt/openssl@3/lib -L. -fstack-protector-strong -L/usr/local/opt/gmp/lib     -lruby.3.3  -lcrypto -lpthread  "
checked program was:
/* begin */
 1: #include "ruby.h"
 2: 
 3: /*top*/
 4: extern int t(void);
 5: int main(int argc, char **argv)
 6: {
 7:   if (argc > 1000000) {
 8:     int (* volatile tp)(void)=(int (*)(void))&t;
 9:     printf("%d", (*tp)());
10:   }
11: 
12:   return !!argv[argc];
13: }
14: extern void BIO_read();
15: int t(void) { BIO_read(); return 0; }
/* end */

--------------------

have_library: checking for SSL_CTX_new() in -lssl... -------------------- yes

DYLD_LIBRARY_PATH=.:/Users/stephansmith/.rbenv/versions/3.3.5/lib "clang -o conftest -I/Users/stephansmith/.rbenv/versions/3.3.5/include/ruby-3.3.0/x86_64-darwin24 -I/Users/stephansmith/.rbenv/versions/3.3.5/include/ruby-3.3.0/ruby/backward -I/Users/stephansmith/.rbenv/versions/3.3.5/include/ruby-3.3.0 -I. -I/usr/local/opt/openssl@3/include -D_XOPEN_SOURCE -D_DARWIN_C_SOURCE -D_DARWIN_UNLIMITED_SELECT -D_REENTRANT   -fdeclspec -O3 -fno-fast-math -ggdb3 -Wall -Wextra -Wextra-tokens -Wdeprecated-declarations -Wdivision-by-zero -Wdiv-by-zero -Wimplicit-function-declaration -Wimplicit-int -Wpointer-arith -Wshorten-64-to-32 -Wwrite-strings -Wold-style-definition -Wmissing-noreturn -Wno-cast-function-type -Wno-constant-logical-operand -Wno-long-long -Wno-missing-field-initializers -Wno-overlength-strings -Wno-parentheses-equality -Wno-self-assign -Wno-tautological-compare -Wno-unused-parameter -Wno-unused-value -Wunused-variable -Wmisleading-indentation -Wundef  -fno-common -pipe conftest.c  -L. -L/Users/stephansmith/.rbenv/versions/3.3.5/lib -L/usr/local/opt/openssl@3/lib -L. -fstack-protector-strong -L/usr/local/opt/gmp/lib     -lcrypto -lruby.3.3  -lcrypto -lssl -lpthread  "
conftest.c:14:57: error: use of undeclared identifier 'SSL_CTX_new'
   14 | int t(void) { void ((*volatile p)()); p = (void ((*)()))SSL_CTX_new; return !p; }
      |                                                         ^
1 error generated.
checked program was:
/* begin */
 1: #include "ruby.h"
 2: 
 3: /*top*/
 4: extern int t(void);
 5: int main(int argc, char **argv)
 6: {
 7:   if (argc > 1000000) {
 8:     int (* volatile tp)(void)=(int (*)(void))&t;
 9:     printf("%d", (*tp)());
10:   }
11: 
12:   return !!argv[argc];
13: }
14: int t(void) { void ((*volatile p)()); p = (void ((*)()))SSL_CTX_new; return !p; }
/* end */

DYLD_LIBRARY_PATH=.:/Users/stephansmith/.rbenv/versions/3.3.5/lib "clang -o conftest -I/Users/stephansmith/.rbenv/versions/3.3.5/include/ruby-3.3.0/x86_64-darwin24 -I/Users/stephansmith/.rbenv/versions/3.3.5/include/ruby-3.3.0/ruby/backward -I/Users/stephansmith/.rbenv/versions/3.3.5/include/ruby-3.3.0 -I. -I/usr/local/opt/openssl@3/include -D_XOPEN_SOURCE -D_DARWIN_C_SOURCE -D_DARWIN_UNLIMITED_SELECT -D_REENTRANT   -fdeclspec -O3 -fno-fast-math -ggdb3 -Wall -Wextra -Wextra-tokens -Wdeprecated-declarations -Wdivision-by-zero -Wdiv-by-zero -Wimplicit-function-declaration -Wimplicit-int -Wpointer-arith -Wshorten-64-to-32 -Wwrite-strings -Wold-style-definition -Wmissing-noreturn -Wno-cast-function-type -Wno-constant-logical-operand -Wno-long-long -Wno-missing-field-initializers -Wno-overlength-strings -Wno-parentheses-equality -Wno-self-assign -Wno-tautological-compare -Wno-unused-parameter -Wno-unused-value -Wunused-variable -Wmisleading-indentation -Wundef  -fno-common -pipe conftest.c  -L. -L/Users/stephansmith/.rbenv/versions/3.3.5/lib -L/usr/local/opt/openssl@3/lib -L. -fstack-protector-strong -L/usr/local/opt/gmp/lib     -lcrypto -lruby.3.3  -lcrypto -lssl -lpthread  "
ld: warning: ignoring duplicate libraries: '-lcrypto'
checked program was:
/* begin */
 1: #include "ruby.h"
 2: 
 3: /*top*/
 4: extern int t(void);
 5: int main(int argc, char **argv)
 6: {
 7:   if (argc > 1000000) {
 8:     int (* volatile tp)(void)=(int (*)(void))&t;
 9:     printf("%d", (*tp)());
10:   }
11: 
12:   return !!argv[argc];
13: }
14: extern void SSL_CTX_new();
15: int t(void) { SSL_CTX_new(); return 0; }
/* end */

--------------------

have_type: checking for rb_fdset_t in ruby/intern.h... -------------------- yes

DYLD_LIBRARY_PATH=.:/Users/stephansmith/.rbenv/versions/3.3.5/lib "clang -I/Users/stephansmith/.rbenv/versions/3.3.5/include/ruby-3.3.0/x86_64-darwin24 -I/Users/stephansmith/.rbenv/versions/3.3.5/include/ruby-3.3.0/ruby/backward -I/Users/stephansmith/.rbenv/versions/3.3.5/include/ruby-3.3.0 -I. -I/usr/local/opt/openssl@3/include -D_XOPEN_SOURCE -D_DARWIN_C_SOURCE -D_DARWIN_UNLIMITED_SELECT -D_REENTRANT   -fdeclspec -O3 -fno-fast-math -ggdb3 -Wall -Wextra -Wextra-tokens -Wdeprecated-declarations -Wdivision-by-zero -Wdiv-by-zero -Wimplicit-function-declaration -Wimplicit-int -Wpointer-arith -Wshorten-64-to-32 -Wwrite-strings -Wold-style-definition -Wmissing-noreturn -Wno-cast-function-type -Wno-constant-logical-operand -Wno-long-long -Wno-missing-field-initializers -Wno-overlength-strings -Wno-parentheses-equality -Wno-self-assign -Wno-tautological-compare -Wno-unused-parameter -Wno-unused-value -Wunused-variable -Wmisleading-indentation -Wundef  -fno-common -pipe   -c conftest.c"
checked program was:
/* begin */
1: #include "ruby.h"
2: 
3: #include <ruby/intern.h>
4: 
5: /*top*/
6: typedef rb_fdset_t conftest_type;
7: int conftestval[sizeof(conftest_type)?1:-1];
/* end */

--------------------

have_func: checking for rb_wait_for_single_fd()... -------------------- yes

DYLD_LIBRARY_PATH=.:/Users/stephansmith/.rbenv/versions/3.3.5/lib "clang -o conftest -I/Users/stephansmith/.rbenv/versions/3.3.5/include/ruby-3.3.0/x86_64-darwin24 -I/Users/stephansmith/.rbenv/versions/3.3.5/include/ruby-3.3.0/ruby/backward -I/Users/stephansmith/.rbenv/versions/3.3.5/include/ruby-3.3.0 -I. -I/usr/local/opt/openssl@3/include -D_XOPEN_SOURCE -D_DARWIN_C_SOURCE -D_DARWIN_UNLIMITED_SELECT -D_REENTRANT   -fdeclspec -O3 -fno-fast-math -ggdb3 -Wall -Wextra -Wextra-tokens -Wdeprecated-declarations -Wdivision-by-zero -Wdiv-by-zero -Wimplicit-function-declaration -Wimplicit-int -Wpointer-arith -Wshorten-64-to-32 -Wwrite-strings -Wold-style-definition -Wmissing-noreturn -Wno-cast-function-type -Wno-constant-logical-operand -Wno-long-long -Wno-missing-field-initializers -Wno-overlength-strings -Wno-parentheses-equality -Wno-self-assign -Wno-tautological-compare -Wno-unused-parameter -Wno-unused-value -Wunused-variable -Wmisleading-indentation -Wundef  -fno-common -pipe conftest.c  -L. -L/Users/stephansmith/.rbenv/versions/3.3.5/lib -L/usr/local/opt/openssl@3/lib -L. -fstack-protector-strong -L/usr/local/opt/gmp/lib     -lcrypto -lssl -lruby.3.3  -lcrypto -lssl -lpthread  "
conftest.c:14:57: error: use of undeclared identifier 'rb_wait_for_single_fd'
   14 | int t(void) { void ((*volatile p)()); p = (void ((*)()))rb_wait_for_single_fd; return !p; }
      |                                                         ^
1 error generated.
checked program was:
/* begin */
 1: #include "ruby.h"
 2: 
 3: /*top*/
 4: extern int t(void);
 5: int main(int argc, char **argv)
 6: {
 7:   if (argc > 1000000) {
 8:     int (* volatile tp)(void)=(int (*)(void))&t;
 9:     printf("%d", (*tp)());
10:   }
11: 
12:   return !!argv[argc];
13: }
14: int t(void) { void ((*volatile p)()); p = (void ((*)()))rb_wait_for_single_fd; return !p; }
/* end */

DYLD_LIBRARY_PATH=.:/Users/stephansmith/.rbenv/versions/3.3.5/lib "clang -o conftest -I/Users/stephansmith/.rbenv/versions/3.3.5/include/ruby-3.3.0/x86_64-darwin24 -I/Users/stephansmith/.rbenv/versions/3.3.5/include/ruby-3.3.0/ruby/backward -I/Users/stephansmith/.rbenv/versions/3.3.5/include/ruby-3.3.0 -I. -I/usr/local/opt/openssl@3/include -D_XOPEN_SOURCE -D_DARWIN_C_SOURCE -D_DARWIN_UNLIMITED_SELECT -D_REENTRANT   -fdeclspec -O3 -fno-fast-math -ggdb3 -Wall -Wextra -Wextra-tokens -Wdeprecated-declarations -Wdivision-by-zero -Wdiv-by-zero -Wimplicit-function-declaration -Wimplicit-int -Wpointer-arith -Wshorten-64-to-32 -Wwrite-strings -Wold-style-definition -Wmissing-noreturn -Wno-cast-function-type -Wno-constant-logical-operand -Wno-long-long -Wno-missing-field-initializers -Wno-overlength-strings -Wno-parentheses-equality -Wno-self-assign -Wno-tautological-compare -Wno-unused-parameter -Wno-unused-value -Wunused-variable -Wmisleading-indentation -Wundef  -fno-common -pipe conftest.c  -L. -L/Users/stephansmith/.rbenv/versions/3.3.5/lib -L/usr/local/opt/openssl@3/lib -L. -fstack-protector-strong -L/usr/local/opt/gmp/lib     -lcrypto -lssl -lruby.3.3  -lcrypto -lssl -lpthread  "
ld: warning: ignoring duplicate libraries: '-lcrypto', '-lssl'
checked program was:
/* begin */
 1: #include "ruby.h"
 2: 
 3: /*top*/
 4: extern int t(void);
 5: int main(int argc, char **argv)
 6: {
 7:   if (argc > 1000000) {
 8:     int (* volatile tp)(void)=(int (*)(void))&t;
 9:     printf("%d", (*tp)());
10:   }
11: 
12:   return !!argv[argc];
13: }
14: extern void rb_wait_for_single_fd();
15: int t(void) { rb_wait_for_single_fd(); return 0; }
/* end */

--------------------

have_func: checking for rb_thread_fd_select()... -------------------- yes

DYLD_LIBRARY_PATH=.:/Users/stephansmith/.rbenv/versions/3.3.5/lib "clang -o conftest -I/Users/stephansmith/.rbenv/versions/3.3.5/include/ruby-3.3.0/x86_64-darwin24 -I/Users/stephansmith/.rbenv/versions/3.3.5/include/ruby-3.3.0/ruby/backward -I/Users/stephansmith/.rbenv/versions/3.3.5/include/ruby-3.3.0 -I. -I/usr/local/opt/openssl@3/include -D_XOPEN_SOURCE -D_DARWIN_C_SOURCE -D_DARWIN_UNLIMITED_SELECT -D_REENTRANT   -fdeclspec -O3 -fno-fast-math -ggdb3 -Wall -Wextra -Wextra-tokens -Wdeprecated-declarations -Wdivision-by-zero -Wdiv-by-zero -Wimplicit-function-declaration -Wimplicit-int -Wpointer-arith -Wshorten-64-to-32 -Wwrite-strings -Wold-style-definition -Wmissing-noreturn -Wno-cast-function-type -Wno-constant-logical-operand -Wno-long-long -Wno-missing-field-initializers -Wno-overlength-strings -Wno-parentheses-equality -Wno-self-assign -Wno-tautological-compare -Wno-unused-parameter -Wno-unused-value -Wunused-variable -Wmisleading-indentation -Wundef  -fno-common -pipe conftest.c  -L. -L/Users/stephansmith/.rbenv/versions/3.3.5/lib -L/usr/local/opt/openssl@3/lib -L. -fstack-protector-strong -L/usr/local/opt/gmp/lib     -lcrypto -lssl -lruby.3.3  -lcrypto -lssl -lpthread  "
ld: warning: ignoring duplicate libraries: '-lcrypto', '-lssl'
checked program was:
/* begin */
 1: #include "ruby.h"
 2: 
 3: /*top*/
 4: extern int t(void);
 5: int main(int argc, char **argv)
 6: {
 7:   if (argc > 1000000) {
 8:     int (* volatile tp)(void)=(int (*)(void))&t;
 9:     printf("%d", (*tp)());
10:   }
11: 
12:   return !!argv[argc];
13: }
14: int t(void) { void ((*volatile p)()); p = (void ((*)()))rb_thread_fd_select; return !p; }
/* end */

--------------------

have_func: checking for inotify_init() in sys/inotify.h... -------------------- no

DYLD_LIBRARY_PATH=.:/Users/stephansmith/.rbenv/versions/3.3.5/lib "clang -o conftest -I/Users/stephansmith/.rbenv/versions/3.3.5/include/ruby-3.3.0/x86_64-darwin24 -I/Users/stephansmith/.rbenv/versions/3.3.5/include/ruby-3.3.0/ruby/backward -I/Users/stephansmith/.rbenv/versions/3.3.5/include/ruby-3.3.0 -I. -I/usr/local/opt/openssl@3/include -D_XOPEN_SOURCE -D_DARWIN_C_SOURCE -D_DARWIN_UNLIMITED_SELECT -D_REENTRANT   -fdeclspec -O3 -fno-fast-math -ggdb3 -Wall -Wextra -Wextra-tokens -Wdeprecated-declarations -Wdivision-by-zero -Wdiv-by-zero -Wimplicit-function-declaration -Wimplicit-int -Wpointer-arith -Wshorten-64-to-32 -Wwrite-strings -Wold-style-definition -Wmissing-noreturn -Wno-cast-function-type -Wno-constant-logical-operand -Wno-long-long -Wno-missing-field-initializers -Wno-overlength-strings -Wno-parentheses-equality -Wno-self-assign -Wno-tautological-compare -Wno-unused-parameter -Wno-unused-value -Wunused-variable -Wmisleading-indentation -Wundef  -fno-common -pipe conftest.c  -L. -L/Users/stephansmith/.rbenv/versions/3.3.5/lib -L/usr/local/opt/openssl@3/lib -L. -fstack-protector-strong -L/usr/local/opt/gmp/lib     -lcrypto -lssl -lruby.3.3  -lcrypto -lssl -lpthread  "
conftest.c:3:10: fatal error: 'sys/inotify.h' file not found
    3 | #include <sys/inotify.h>
      |          ^~~~~~~~~~~~~~~
1 error generated.
checked program was:
/* begin */
 1: #include "ruby.h"
 2: 
 3: #include <sys/inotify.h>
 4: 
 5: /*top*/
 6: extern int t(void);
 7: int main(int argc, char **argv)
 8: {
 9:   if (argc > 1000000) {
10:     int (* volatile tp)(void)=(int (*)(void))&t;
11:     printf("%d", (*tp)());
12:   }
13: 
14:   return !!argv[argc];
15: }
16: int t(void) { void ((*volatile p)()); p = (void ((*)()))inotify_init; return !p; }
/* end */

DYLD_LIBRARY_PATH=.:/Users/stephansmith/.rbenv/versions/3.3.5/lib "clang -o conftest -I/Users/stephansmith/.rbenv/versions/3.3.5/include/ruby-3.3.0/x86_64-darwin24 -I/Users/stephansmith/.rbenv/versions/3.3.5/include/ruby-3.3.0/ruby/backward -I/Users/stephansmith/.rbenv/versions/3.3.5/include/ruby-3.3.0 -I. -I/usr/local/opt/openssl@3/include -D_XOPEN_SOURCE -D_DARWIN_C_SOURCE -D_DARWIN_UNLIMITED_SELECT -D_REENTRANT   -fdeclspec -O3 -fno-fast-math -ggdb3 -Wall -Wextra -Wextra-tokens -Wdeprecated-declarations -Wdivision-by-zero -Wdiv-by-zero -Wimplicit-function-declaration -Wimplicit-int -Wpointer-arith -Wshorten-64-to-32 -Wwrite-strings -Wold-style-definition -Wmissing-noreturn -Wno-cast-function-type -Wno-constant-logical-operand -Wno-long-long -Wno-missing-field-initializers -Wno-overlength-strings -Wno-parentheses-equality -Wno-self-assign -Wno-tautological-compare -Wno-unused-parameter -Wno-unused-value -Wunused-variable -Wmisleading-indentation -Wundef  -fno-common -pipe conftest.c  -L. -L/Users/stephansmith/.rbenv/versions/3.3.5/lib -L/usr/local/opt/openssl@3/lib -L. -fstack-protector-strong -L/usr/local/opt/gmp/lib     -lcrypto -lssl -lruby.3.3  -lcrypto -lssl -lpthread  "
conftest.c:3:10: fatal error: 'sys/inotify.h' file not found
    3 | #include <sys/inotify.h>
      |          ^~~~~~~~~~~~~~~
1 error generated.
checked program was:
/* begin */
 1: #include "ruby.h"
 2: 
 3: #include <sys/inotify.h>
 4: 
 5: /*top*/
 6: extern int t(void);
 7: int main(int argc, char **argv)
 8: {
 9:   if (argc > 1000000) {
10:     int (* volatile tp)(void)=(int (*)(void))&t;
11:     printf("%d", (*tp)());
12:   }
13: 
14:   return !!argv[argc];
15: }
16: extern void inotify_init();
17: int t(void) { inotify_init(); return 0; }
/* end */

--------------------

have_macro: checking for __NR_inotify_init in sys/syscall.h... -------------------- no

DYLD_LIBRARY_PATH=.:/Users/stephansmith/.rbenv/versions/3.3.5/lib "clang -I/Users/stephansmith/.rbenv/versions/3.3.5/include/ruby-3.3.0/x86_64-darwin24 -I/Users/stephansmith/.rbenv/versions/3.3.5/include/ruby-3.3.0/ruby/backward -I/Users/stephansmith/.rbenv/versions/3.3.5/include/ruby-3.3.0 -I. -I/usr/local/opt/openssl@3/include -D_XOPEN_SOURCE -D_DARWIN_C_SOURCE -D_DARWIN_UNLIMITED_SELECT -D_REENTRANT   -fdeclspec -O3 -fno-fast-math -ggdb3 -Wall -Wextra -Wextra-tokens -Wdeprecated-declarations -Wdivision-by-zero -Wdiv-by-zero -Wimplicit-function-declaration -Wimplicit-int -Wpointer-arith -Wshorten-64-to-32 -Wwrite-strings -Wold-style-definition -Wmissing-noreturn -Wno-cast-function-type -Wno-constant-logical-operand -Wno-long-long -Wno-missing-field-initializers -Wno-overlength-strings -Wno-parentheses-equality -Wno-self-assign -Wno-tautological-compare -Wno-unused-parameter -Wno-unused-value -Wunused-variable -Wmisleading-indentation -Wundef  -fno-common -pipe   -c conftest.c"
conftest.c:6:3: error: 
    6 | # error
      |   ^
conftest.c:7:1: error: expected identifier or '('
    7 | |:/ === __NR_inotify_init undefined === /:|
      | ^
2 errors generated.
checked program was:
/* begin */
1: #include "ruby.h"
2: 
3: #include <sys/syscall.h>
4: /*top*/
5: #ifndef __NR_inotify_init
6: # error
7: |:/ === __NR_inotify_init undefined === /:|
8: #endif
/* end */

--------------------

have_func: checking for writev() in sys/uio.h... -------------------- yes

DYLD_LIBRARY_PATH=.:/Users/stephansmith/.rbenv/versions/3.3.5/lib "clang -o conftest -I/Users/stephansmith/.rbenv/versions/3.3.5/include/ruby-3.3.0/x86_64-darwin24 -I/Users/stephansmith/.rbenv/versions/3.3.5/include/ruby-3.3.0/ruby/backward -I/Users/stephansmith/.rbenv/versions/3.3.5/include/ruby-3.3.0 -I. -I/usr/local/opt/openssl@3/include -D_XOPEN_SOURCE -D_DARWIN_C_SOURCE -D_DARWIN_UNLIMITED_SELECT -D_REENTRANT   -fdeclspec -O3 -fno-fast-math -ggdb3 -Wall -Wextra -Wextra-tokens -Wdeprecated-declarations -Wdivision-by-zero -Wdiv-by-zero -Wimplicit-function-declaration -Wimplicit-int -Wpointer-arith -Wshorten-64-to-32 -Wwrite-strings -Wold-style-definition -Wmissing-noreturn -Wno-cast-function-type -Wno-constant-logical-operand -Wno-long-long -Wno-missing-field-initializers -Wno-overlength-strings -Wno-parentheses-equality -Wno-self-assign -Wno-tautological-compare -Wno-unused-parameter -Wno-unused-value -Wunused-variable -Wmisleading-indentation -Wundef  -fno-common -pipe conftest.c  -L. -L/Users/stephansmith/.rbenv/versions/3.3.5/lib -L/usr/local/opt/openssl@3/lib -L. -fstack-protector-strong -L/usr/local/opt/gmp/lib     -lcrypto -lssl -lruby.3.3  -lcrypto -lssl -lpthread  "
ld: warning: ignoring duplicate libraries: '-lcrypto', '-lssl'
checked program was:
/* begin */
 1: #include "ruby.h"
 2: 
 3: #include <sys/uio.h>
 4: 
 5: /*top*/
 6: extern int t(void);
 7: int main(int argc, char **argv)
 8: {
 9:   if (argc > 1000000) {
10:     int (* volatile tp)(void)=(int (*)(void))&t;
11:     printf("%d", (*tp)());
12:   }
13: 
14:   return !!argv[argc];
15: }
16: int t(void) { void ((*volatile p)()); p = (void ((*)()))writev; return !p; }
/* end */

--------------------

have_func: checking for pipe2() in unistd.h... -------------------- no

DYLD_LIBRARY_PATH=.:/Users/stephansmith/.rbenv/versions/3.3.5/lib "clang -o conftest -I/Users/stephansmith/.rbenv/versions/3.3.5/include/ruby-3.3.0/x86_64-darwin24 -I/Users/stephansmith/.rbenv/versions/3.3.5/include/ruby-3.3.0/ruby/backward -I/Users/stephansmith/.rbenv/versions/3.3.5/include/ruby-3.3.0 -I. -I/usr/local/opt/openssl@3/include -D_XOPEN_SOURCE -D_DARWIN_C_SOURCE -D_DARWIN_UNLIMITED_SELECT -D_REENTRANT   -fdeclspec -O3 -fno-fast-math -ggdb3 -Wall -Wextra -Wextra-tokens -Wdeprecated-declarations -Wdivision-by-zero -Wdiv-by-zero -Wimplicit-function-declaration -Wimplicit-int -Wpointer-arith -Wshorten-64-to-32 -Wwrite-strings -Wold-style-definition -Wmissing-noreturn -Wno-cast-function-type -Wno-constant-logical-operand -Wno-long-long -Wno-missing-field-initializers -Wno-overlength-strings -Wno-parentheses-equality -Wno-self-assign -Wno-tautological-compare -Wno-unused-parameter -Wno-unused-value -Wunused-variable -Wmisleading-indentation -Wundef  -fno-common -pipe conftest.c  -L. -L/Users/stephansmith/.rbenv/versions/3.3.5/lib -L/usr/local/opt/openssl@3/lib -L. -fstack-protector-strong -L/usr/local/opt/gmp/lib     -lcrypto -lssl -lruby.3.3  -lcrypto -lssl -lpthread  "
conftest.c:16:57: error: use of undeclared identifier 'pipe2'
   16 | int t(void) { void ((*volatile p)()); p = (void ((*)()))pipe2; return !p; }
      |                                                         ^
1 error generated.
checked program was:
/* begin */
 1: #include "ruby.h"
 2: 
 3: #include <unistd.h>
 4: 
 5: /*top*/
 6: extern int t(void);
 7: int main(int argc, char **argv)
 8: {
 9:   if (argc > 1000000) {
10:     int (* volatile tp)(void)=(int (*)(void))&t;
11:     printf("%d", (*tp)());
12:   }
13: 
14:   return !!argv[argc];
15: }
16: int t(void) { void ((*volatile p)()); p = (void ((*)()))pipe2; return !p; }
/* end */

DYLD_LIBRARY_PATH=.:/Users/stephansmith/.rbenv/versions/3.3.5/lib "clang -o conftest -I/Users/stephansmith/.rbenv/versions/3.3.5/include/ruby-3.3.0/x86_64-darwin24 -I/Users/stephansmith/.rbenv/versions/3.3.5/include/ruby-3.3.0/ruby/backward -I/Users/stephansmith/.rbenv/versions/3.3.5/include/ruby-3.3.0 -I. -I/usr/local/opt/openssl@3/include -D_XOPEN_SOURCE -D_DARWIN_C_SOURCE -D_DARWIN_UNLIMITED_SELECT -D_REENTRANT   -fdeclspec -O3 -fno-fast-math -ggdb3 -Wall -Wextra -Wextra-tokens -Wdeprecated-declarations -Wdivision-by-zero -Wdiv-by-zero -Wimplicit-function-declaration -Wimplicit-int -Wpointer-arith -Wshorten-64-to-32 -Wwrite-strings -Wold-style-definition -Wmissing-noreturn -Wno-cast-function-type -Wno-constant-logical-operand -Wno-long-long -Wno-missing-field-initializers -Wno-overlength-strings -Wno-parentheses-equality -Wno-self-assign -Wno-tautological-compare -Wno-unused-parameter -Wno-unused-value -Wunused-variable -Wmisleading-indentation -Wundef  -fno-common -pipe conftest.c  -L. -L/Users/stephansmith/.rbenv/versions/3.3.5/lib -L/usr/local/opt/openssl@3/lib -L. -fstack-protector-strong -L/usr/local/opt/gmp/lib     -lcrypto -lssl -lruby.3.3  -lcrypto -lssl -lpthread  "
ld: warning: ignoring duplicate libraries: '-lcrypto', '-lssl'
Undefined symbols for architecture x86_64:
  "_pipe2", referenced from:
      _t in conftest-602557.o
ld: symbol(s) not found for architecture x86_64
clang: error: linker command failed with exit code 1 (use -v to see invocation)
checked program was:
/* begin */
 1: #include "ruby.h"
 2: 
 3: #include <unistd.h>
 4: 
 5: /*top*/
 6: extern int t(void);
 7: int main(int argc, char **argv)
 8: {
 9:   if (argc > 1000000) {
10:     int (* volatile tp)(void)=(int (*)(void))&t;
11:     printf("%d", (*tp)());
12:   }
13: 
14:   return !!argv[argc];
15: }
16: extern void pipe2();
17: int t(void) { pipe2(); return 0; }
/* end */

--------------------

have_func: checking for accept4() in sys/socket.h... -------------------- no

DYLD_LIBRARY_PATH=.:/Users/stephansmith/.rbenv/versions/3.3.5/lib "clang -o conftest -I/Users/stephansmith/.rbenv/versions/3.3.5/include/ruby-3.3.0/x86_64-darwin24 -I/Users/stephansmith/.rbenv/versions/3.3.5/include/ruby-3.3.0/ruby/backward -I/Users/stephansmith/.rbenv/versions/3.3.5/include/ruby-3.3.0 -I. -I/usr/local/opt/openssl@3/include -D_XOPEN_SOURCE -D_DARWIN_C_SOURCE -D_DARWIN_UNLIMITED_SELECT -D_REENTRANT   -fdeclspec -O3 -fno-fast-math -ggdb3 -Wall -Wextra -Wextra-tokens -Wdeprecated-declarations -Wdivision-by-zero -Wdiv-by-zero -Wimplicit-function-declaration -Wimplicit-int -Wpointer-arith -Wshorten-64-to-32 -Wwrite-strings -Wold-style-definition -Wmissing-noreturn -Wno-cast-function-type -Wno-constant-logical-operand -Wno-long-long -Wno-missing-field-initializers -Wno-overlength-strings -Wno-parentheses-equality -Wno-self-assign -Wno-tautological-compare -Wno-unused-parameter -Wno-unused-value -Wunused-variable -Wmisleading-indentation -Wundef  -fno-common -pipe conftest.c  -L. -L/Users/stephansmith/.rbenv/versions/3.3.5/lib -L/usr/local/opt/openssl@3/lib -L. -fstack-protector-strong -L/usr/local/opt/gmp/lib     -lcrypto -lssl -lruby.3.3  -lcrypto -lssl -lpthread  "
conftest.c:16:57: error: use of undeclared identifier 'accept4'
   16 | int t(void) { void ((*volatile p)()); p = (void ((*)()))accept4; return !p; }
      |                                                         ^
1 error generated.
checked program was:
/* begin */
 1: #include "ruby.h"
 2: 
 3: #include <sys/socket.h>
 4: 
 5: /*top*/
 6: extern int t(void);
 7: int main(int argc, char **argv)
 8: {
 9:   if (argc > 1000000) {
10:     int (* volatile tp)(void)=(int (*)(void))&t;
11:     printf("%d", (*tp)());
12:   }
13: 
14:   return !!argv[argc];
15: }
16: int t(void) { void ((*volatile p)()); p = (void ((*)()))accept4; return !p; }
/* end */

DYLD_LIBRARY_PATH=.:/Users/stephansmith/.rbenv/versions/3.3.5/lib "clang -o conftest -I/Users/stephansmith/.rbenv/versions/3.3.5/include/ruby-3.3.0/x86_64-darwin24 -I/Users/stephansmith/.rbenv/versions/3.3.5/include/ruby-3.3.0/ruby/backward -I/Users/stephansmith/.rbenv/versions/3.3.5/include/ruby-3.3.0 -I. -I/usr/local/opt/openssl@3/include -D_XOPEN_SOURCE -D_DARWIN_C_SOURCE -D_DARWIN_UNLIMITED_SELECT -D_REENTRANT   -fdeclspec -O3 -fno-fast-math -ggdb3 -Wall -Wextra -Wextra-tokens -Wdeprecated-declarations -Wdivision-by-zero -Wdiv-by-zero -Wimplicit-function-declaration -Wimplicit-int -Wpointer-arith -Wshorten-64-to-32 -Wwrite-strings -Wold-style-definition -Wmissing-noreturn -Wno-cast-function-type -Wno-constant-logical-operand -Wno-long-long -Wno-missing-field-initializers -Wno-overlength-strings -Wno-parentheses-equality -Wno-self-assign -Wno-tautological-compare -Wno-unused-parameter -Wno-unused-value -Wunused-variable -Wmisleading-indentation -Wundef  -fno-common -pipe conftest.c  -L. -L/Users/stephansmith/.rbenv/versions/3.3.5/lib -L/usr/local/opt/openssl@3/lib -L. -fstack-protector-strong -L/usr/local/opt/gmp/lib     -lcrypto -lssl -lruby.3.3  -lcrypto -lssl -lpthread  "
ld: warning: ignoring duplicate libraries: '-lcrypto', '-lssl'
Undefined symbols for architecture x86_64:
  "_accept4", referenced from:
      _t in conftest-59f3d0.o
ld: symbol(s) not found for architecture x86_64
clang: error: linker command failed with exit code 1 (use -v to see invocation)
checked program was:
/* begin */
 1: #include "ruby.h"
 2: 
 3: #include <sys/socket.h>
 4: 
 5: /*top*/
 6: extern int t(void);
 7: int main(int argc, char **argv)
 8: {
 9:   if (argc > 1000000) {
10:     int (* volatile tp)(void)=(int (*)(void))&t;
11:     printf("%d", (*tp)());
12:   }
13: 
14:   return !!argv[argc];
15: }
16: extern void accept4();
17: int t(void) { accept4(); return 0; }
/* end */

--------------------

have_const: checking for SOCK_CLOEXEC in sys/socket.h... -------------------- no

DYLD_LIBRARY_PATH=.:/Users/stephansmith/.rbenv/versions/3.3.5/lib "clang -I/Users/stephansmith/.rbenv/versions/3.3.5/include/ruby-3.3.0/x86_64-darwin24 -I/Users/stephansmith/.rbenv/versions/3.3.5/include/ruby-3.3.0/ruby/backward -I/Users/stephansmith/.rbenv/versions/3.3.5/include/ruby-3.3.0 -I. -I/usr/local/opt/openssl@3/include -D_XOPEN_SOURCE -D_DARWIN_C_SOURCE -D_DARWIN_UNLIMITED_SELECT -D_REENTRANT   -fdeclspec -O3 -fno-fast-math -ggdb3 -Wall -Wextra -Wextra-tokens -Wdeprecated-declarations -Wdivision-by-zero -Wdiv-by-zero -Wimplicit-function-declaration -Wimplicit-int -Wpointer-arith -Wshorten-64-to-32 -Wwrite-strings -Wold-style-definition -Wmissing-noreturn -Wno-cast-function-type -Wno-constant-logical-operand -Wno-long-long -Wno-missing-field-initializers -Wno-overlength-strings -Wno-parentheses-equality -Wno-self-assign -Wno-tautological-compare -Wno-unused-parameter -Wno-unused-value -Wunused-variable -Wmisleading-indentation -Wundef  -fno-common -pipe   -c conftest.c"
conftest.c:7:34: error: use of undeclared identifier 'SOCK_CLOEXEC'
    7 | conftest_type conftestval = (int)SOCK_CLOEXEC;
      |                                  ^
1 error generated.
checked program was:
/* begin */
1: #include "ruby.h"
2: 
3: #include <sys/socket.h>
4: 
5: /*top*/
6: typedef int conftest_type;
7: conftest_type conftestval = (int)SOCK_CLOEXEC;
/* end */

--------------------

have_header: checking for sys/event.h... -------------------- yes

DYLD_LIBRARY_PATH=.:/Users/stephansmith/.rbenv/versions/3.3.5/lib "clang -I/Users/stephansmith/.rbenv/versions/3.3.5/include/ruby-3.3.0/x86_64-darwin24 -I/Users/stephansmith/.rbenv/versions/3.3.5/include/ruby-3.3.0/ruby/backward -I/Users/stephansmith/.rbenv/versions/3.3.5/include/ruby-3.3.0 -I. -I/usr/local/opt/openssl@3/include -D_XOPEN_SOURCE -D_DARWIN_C_SOURCE -D_DARWIN_UNLIMITED_SELECT -D_REENTRANT   -fdeclspec -O3 -fno-fast-math -ggdb3 -Wall -Wextra -Wextra-tokens -Wdeprecated-declarations -Wdivision-by-zero -Wdiv-by-zero -Wimplicit-function-declaration -Wimplicit-int -Wpointer-arith -Wshorten-64-to-32 -Wwrite-strings -Wold-style-definition -Wmissing-noreturn -Wno-cast-function-type -Wno-constant-logical-operand -Wno-long-long -Wno-missing-field-initializers -Wno-overlength-strings -Wno-parentheses-equality -Wno-self-assign -Wno-tautological-compare -Wno-unused-parameter -Wno-unused-value -Wunused-variable -Wmisleading-indentation -Wundef  -fno-common -pipe   -c conftest.c"
checked program was:
/* begin */
1: #include "ruby.h"
2: 
3: #include <sys/event.h>
/* end */

--------------------

have_header: checking for sys/queue.h... -------------------- yes

DYLD_LIBRARY_PATH=.:/Users/stephansmith/.rbenv/versions/3.3.5/lib "clang -I/Users/stephansmith/.rbenv/versions/3.3.5/include/ruby-3.3.0/x86_64-darwin24 -I/Users/stephansmith/.rbenv/versions/3.3.5/include/ruby-3.3.0/ruby/backward -I/Users/stephansmith/.rbenv/versions/3.3.5/include/ruby-3.3.0 -I. -I/usr/local/opt/openssl@3/include -D_XOPEN_SOURCE -D_DARWIN_C_SOURCE -D_DARWIN_UNLIMITED_SELECT -D_REENTRANT   -fdeclspec -O3 -fno-fast-math -ggdb3 -Wall -Wextra -Wextra-tokens -Wdeprecated-declarations -Wdivision-by-zero -Wdiv-by-zero -Wimplicit-function-declaration -Wimplicit-int -Wpointer-arith -Wshorten-64-to-32 -Wwrite-strings -Wold-style-definition -Wmissing-noreturn -Wno-cast-function-type -Wno-constant-logical-operand -Wno-long-long -Wno-missing-field-initializers -Wno-overlength-strings -Wno-parentheses-equality -Wno-self-assign -Wno-tautological-compare -Wno-unused-parameter -Wno-unused-value -Wunused-variable -Wmisleading-indentation -Wundef  -fno-common -pipe   -c conftest.c"
checked program was:
/* begin */
1: #include "ruby.h"
2: 
3: #include <sys/queue.h>
/* end */

--------------------

have_func: checking for clock_gettime()... -------------------- yes

DYLD_LIBRARY_PATH=.:/Users/stephansmith/.rbenv/versions/3.3.5/lib "clang -o conftest -I/Users/stephansmith/.rbenv/versions/3.3.5/include/ruby-3.3.0/x86_64-darwin24 -I/Users/stephansmith/.rbenv/versions/3.3.5/include/ruby-3.3.0/ruby/backward -I/Users/stephansmith/.rbenv/versions/3.3.5/include/ruby-3.3.0 -I. -I/usr/local/opt/openssl@3/include -D_XOPEN_SOURCE -D_DARWIN_C_SOURCE -D_DARWIN_UNLIMITED_SELECT -D_REENTRANT   -fdeclspec -O3 -fno-fast-math -ggdb3 -Wall -Wextra -Wextra-tokens -Wdeprecated-declarations -Wdivision-by-zero -Wdiv-by-zero -Wimplicit-function-declaration -Wimplicit-int -Wpointer-arith -Wshorten-64-to-32 -Wwrite-strings -Wold-style-definition -Wmissing-noreturn -Wno-cast-function-type -Wno-constant-logical-operand -Wno-long-long -Wno-missing-field-initializers -Wno-overlength-strings -Wno-parentheses-equality -Wno-self-assign -Wno-tautological-compare -Wno-unused-parameter -Wno-unused-value -Wunused-variable -Wmisleading-indentation -Wundef  -fno-common -pipe conftest.c  -L. -L/Users/stephansmith/.rbenv/versions/3.3.5/lib -L/usr/local/opt/openssl@3/lib -L. -fstack-protector-strong -L/usr/local/opt/gmp/lib     -lcrypto -lssl -lruby.3.3  -lcrypto -lssl -lpthread  "
ld: warning: ignoring duplicate libraries: '-lcrypto', '-lssl'
checked program was:
/* begin */
 1: #include "ruby.h"
 2: 
 3: /*top*/
 4: extern int t(void);
 5: int main(int argc, char **argv)
 6: {
 7:   if (argc > 1000000) {
 8:     int (* volatile tp)(void)=(int (*)(void))&t;
 9:     printf("%d", (*tp)());
10:   }
11: 
12:   return !!argv[argc];
13: }
14: int t(void) { void ((*volatile p)()); p = (void ((*)()))clock_gettime; return !p; }
/* end */

--------------------

have_const: checking for CLOCK_MONOTONIC_RAW in time.h... -------------------- yes

DYLD_LIBRARY_PATH=.:/Users/stephansmith/.rbenv/versions/3.3.5/lib "clang -I/Users/stephansmith/.rbenv/versions/3.3.5/include/ruby-3.3.0/x86_64-darwin24 -I/Users/stephansmith/.rbenv/versions/3.3.5/include/ruby-3.3.0/ruby/backward -I/Users/stephansmith/.rbenv/versions/3.3.5/include/ruby-3.3.0 -I. -I/usr/local/opt/openssl@3/include -D_XOPEN_SOURCE -D_DARWIN_C_SOURCE -D_DARWIN_UNLIMITED_SELECT -D_REENTRANT   -fdeclspec -O3 -fno-fast-math -ggdb3 -Wall -Wextra -Wextra-tokens -Wdeprecated-declarations -Wdivision-by-zero -Wdiv-by-zero -Wimplicit-function-declaration -Wimplicit-int -Wpointer-arith -Wshorten-64-to-32 -Wwrite-strings -Wold-style-definition -Wmissing-noreturn -Wno-cast-function-type -Wno-constant-logical-operand -Wno-long-long -Wno-missing-field-initializers -Wno-overlength-strings -Wno-parentheses-equality -Wno-self-assign -Wno-tautological-compare -Wno-unused-parameter -Wno-unused-value -Wunused-variable -Wmisleading-indentation -Wundef  -fno-common -pipe   -c conftest.c"
checked program was:
/* begin */
1: #include "ruby.h"
2: 
3: #include <time.h>
4: 
5: /*top*/
6: typedef int conftest_type;
7: conftest_type conftestval = (int)CLOCK_MONOTONIC_RAW;
/* end */

--------------------

have_const: checking for CLOCK_MONOTONIC in time.h... -------------------- yes

DYLD_LIBRARY_PATH=.:/Users/stephansmith/.rbenv/versions/3.3.5/lib "clang -I/Users/stephansmith/.rbenv/versions/3.3.5/include/ruby-3.3.0/x86_64-darwin24 -I/Users/stephansmith/.rbenv/versions/3.3.5/include/ruby-3.3.0/ruby/backward -I/Users/stephansmith/.rbenv/versions/3.3.5/include/ruby-3.3.0 -I. -I/usr/local/opt/openssl@3/include -D_XOPEN_SOURCE -D_DARWIN_C_SOURCE -D_DARWIN_UNLIMITED_SELECT -D_REENTRANT   -fdeclspec -O3 -fno-fast-math -ggdb3 -Wall -Wextra -Wextra-tokens -Wdeprecated-declarations -Wdivision-by-zero -Wdiv-by-zero -Wimplicit-function-declaration -Wimplicit-int -Wpointer-arith -Wshorten-64-to-32 -Wwrite-strings -Wold-style-definition -Wmissing-noreturn -Wno-cast-function-type -Wno-constant-logical-operand -Wno-long-long -Wno-missing-field-initializers -Wno-overlength-strings -Wno-parentheses-equality -Wno-self-assign -Wno-tautological-compare -Wno-unused-parameter -Wno-unused-value -Wunused-variable -Wmisleading-indentation -Wundef  -fno-common -pipe   -c conftest.c"
checked program was:
/* begin */
1: #include "ruby.h"
2: 
3: #include <time.h>
4: 
5: /*top*/
6: typedef int conftest_type;
7: conftest_type conftestval = (int)CLOCK_MONOTONIC;
/* end */

--------------------

have_func: checking for TLS_server_method() in openssl/ssl.h... -------------------- yes

DYLD_LIBRARY_PATH=.:/Users/stephansmith/.rbenv/versions/3.3.5/lib "clang -o conftest -I/Users/stephansmith/.rbenv/versions/3.3.5/include/ruby-3.3.0/x86_64-darwin24 -I/Users/stephansmith/.rbenv/versions/3.3.5/include/ruby-3.3.0/ruby/backward -I/Users/stephansmith/.rbenv/versions/3.3.5/include/ruby-3.3.0 -I. -I/usr/local/opt/openssl@3/include -D_XOPEN_SOURCE -D_DARWIN_C_SOURCE -D_DARWIN_UNLIMITED_SELECT -D_REENTRANT   -fdeclspec -O3 -fno-fast-math -ggdb3 -Wall -Wextra -Wextra-tokens -Wdeprecated-declarations -Wdivision-by-zero -Wdiv-by-zero -Wimplicit-function-declaration -Wimplicit-int -Wpointer-arith -Wshorten-64-to-32 -Wwrite-strings -Wold-style-definition -Wmissing-noreturn -Wno-cast-function-type -Wno-constant-logical-operand -Wno-long-long -Wno-missing-field-initializers -Wno-overlength-strings -Wno-parentheses-equality -Wno-self-assign -Wno-tautological-compare -Wno-unused-parameter -Wno-unused-value -Wunused-variable -Wmisleading-indentation -Wundef  -fno-common -pipe conftest.c  -L. -L/Users/stephansmith/.rbenv/versions/3.3.5/lib -L/usr/local/opt/openssl@3/lib -L. -fstack-protector-strong -L/usr/local/opt/gmp/lib     -lcrypto -lssl -lruby.3.3  -lcrypto -lssl -lpthread  "
ld: warning: ignoring duplicate libraries: '-lcrypto', '-lssl'
checked program was:
/* begin */
 1: #include "ruby.h"
 2: 
 3: #include <openssl/ssl.h>
 4: 
 5: /*top*/
 6: extern int t(void);
 7: int main(int argc, char **argv)
 8: {
 9:   if (argc > 1000000) {
10:     int (* volatile tp)(void)=(int (*)(void))&t;
11:     printf("%d", (*tp)());
12:   }
13: 
14:   return !!argv[argc];
15: }
16: int t(void) { void ((*volatile p)()); p = (void ((*)()))TLS_server_method; return !p; }
/* end */

--------------------

have_macro: checking for SSL_CTX_set_min_proto_version in openssl/ssl.h... -------------------- yes

DYLD_LIBRARY_PATH=.:/Users/stephansmith/.rbenv/versions/3.3.5/lib "clang -I/Users/stephansmith/.rbenv/versions/3.3.5/include/ruby-3.3.0/x86_64-darwin24 -I/Users/stephansmith/.rbenv/versions/3.3.5/include/ruby-3.3.0/ruby/backward -I/Users/stephansmith/.rbenv/versions/3.3.5/include/ruby-3.3.0 -I. -I/usr/local/opt/openssl@3/include -D_XOPEN_SOURCE -D_DARWIN_C_SOURCE -D_DARWIN_UNLIMITED_SELECT -D_REENTRANT   -fdeclspec -O3 -fno-fast-math -ggdb3 -Wall -Wextra -Wextra-tokens -Wdeprecated-declarations -Wdivision-by-zero -Wdiv-by-zero -Wimplicit-function-declaration -Wimplicit-int -Wpointer-arith -Wshorten-64-to-32 -Wwrite-strings -Wold-style-definition -Wmissing-noreturn -Wno-cast-function-type -Wno-constant-logical-operand -Wno-long-long -Wno-missing-field-initializers -Wno-overlength-strings -Wno-parentheses-equality -Wno-self-assign -Wno-tautological-compare -Wno-unused-parameter -Wno-unused-value -Wunused-variable -Wmisleading-indentation -Wundef  -fno-common -pipe   -c conftest.c"
checked program was:
/* begin */
1: #include "ruby.h"
2: 
3: #include <openssl/ssl.h>
4: /*top*/
5: #ifndef SSL_CTX_set_min_proto_version
6: # error
7: |:/ === SSL_CTX_set_min_proto_version undefined === /:|
8: #endif
/* end */

--------------------

have_func: checking for SSL_CTX_set_dh_auto(NULL, 0) in openssl/ssl.h... -------------------- yes

DYLD_LIBRARY_PATH=.:/Users/stephansmith/.rbenv/versions/3.3.5/lib "clang -o conftest -I/Users/stephansmith/.rbenv/versions/3.3.5/include/ruby-3.3.0/x86_64-darwin24 -I/Users/stephansmith/.rbenv/versions/3.3.5/include/ruby-3.3.0/ruby/backward -I/Users/stephansmith/.rbenv/versions/3.3.5/include/ruby-3.3.0 -I. -I/usr/local/opt/openssl@3/include -D_XOPEN_SOURCE -D_DARWIN_C_SOURCE -D_DARWIN_UNLIMITED_SELECT -D_REENTRANT   -fdeclspec -O3 -fno-fast-math -ggdb3 -Wall -Wextra -Wextra-tokens -Wdeprecated-declarations -Wdivision-by-zero -Wdiv-by-zero -Wimplicit-function-declaration -Wimplicit-int -Wpointer-arith -Wshorten-64-to-32 -Wwrite-strings -Wold-style-definition -Wmissing-noreturn -Wno-cast-function-type -Wno-constant-logical-operand -Wno-long-long -Wno-missing-field-initializers -Wno-overlength-strings -Wno-parentheses-equality -Wno-self-assign -Wno-tautological-compare -Wno-unused-parameter -Wno-unused-value -Wunused-variable -Wmisleading-indentation -Wundef  -fno-common -pipe conftest.c  -L. -L/Users/stephansmith/.rbenv/versions/3.3.5/lib -L/usr/local/opt/openssl@3/lib -L. -fstack-protector-strong -L/usr/local/opt/gmp/lib     -lcrypto -lssl -lruby.3.3  -lcrypto -lssl -lpthread  "
ld: warning: ignoring duplicate libraries: '-lcrypto', '-lssl'
checked program was:
/* begin */
 1: #include "ruby.h"
 2: 
 3: #include <openssl/ssl.h>
 4: 
 5: /*top*/
 6: extern int t(void);
 7: int main(int argc, char **argv)
 8: {
 9:   if (argc > 1000000) {
10:     int (* volatile tp)(void)=(int (*)(void))&t;
11:     printf("%d", (*tp)());
12:   }
13: 
14:   return !!argv[argc];
15: }
16: 
17: int t(void) { SSL_CTX_set_dh_auto(NULL, 0); return 0; }
/* end */

--------------------

have_func: checking for SSL_get1_peer_certificate() in openssl/ssl.h... -------------------- yes

DYLD_LIBRARY_PATH=.:/Users/stephansmith/.rbenv/versions/3.3.5/lib "clang -o conftest -I/Users/stephansmith/.rbenv/versions/3.3.5/include/ruby-3.3.0/x86_64-darwin24 -I/Users/stephansmith/.rbenv/versions/3.3.5/include/ruby-3.3.0/ruby/backward -I/Users/stephansmith/.rbenv/versions/3.3.5/include/ruby-3.3.0 -I. -I/usr/local/opt/openssl@3/include -D_XOPEN_SOURCE -D_DARWIN_C_SOURCE -D_DARWIN_UNLIMITED_SELECT -D_REENTRANT   -fdeclspec -O3 -fno-fast-math -ggdb3 -Wall -Wextra -Wextra-tokens -Wdeprecated-declarations -Wdivision-by-zero -Wdiv-by-zero -Wimplicit-function-declaration -Wimplicit-int -Wpointer-arith -Wshorten-64-to-32 -Wwrite-strings -Wold-style-definition -Wmissing-noreturn -Wno-cast-function-type -Wno-constant-logical-operand -Wno-long-long -Wno-missing-field-initializers -Wno-overlength-strings -Wno-parentheses-equality -Wno-self-assign -Wno-tautological-compare -Wno-unused-parameter -Wno-unused-value -Wunused-variable -Wmisleading-indentation -Wundef  -fno-common -pipe conftest.c  -L. -L/Users/stephansmith/.rbenv/versions/3.3.5/lib -L/usr/local/opt/openssl@3/lib -L. -fstack-protector-strong -L/usr/local/opt/gmp/lib     -lcrypto -lssl -lruby.3.3  -lcrypto -lssl -lpthread  "
ld: warning: ignoring duplicate libraries: '-lcrypto', '-lssl'
checked program was:
/* begin */
 1: #include "ruby.h"
 2: 
 3: #include <openssl/ssl.h>
 4: 
 5: /*top*/
 6: extern int t(void);
 7: int main(int argc, char **argv)
 8: {
 9:   if (argc > 1000000) {
10:     int (* volatile tp)(void)=(int (*)(void))&t;
11:     printf("%d", (*tp)());
12:   }
13: 
14:   return !!argv[argc];
15: }
16: int t(void) { void ((*volatile p)()); p = (void ((*)()))SSL_get1_peer_certificate; return !p; }
/* end */

--------------------

DYLD_LIBRARY_PATH=.:/Users/stephansmith/.rbenv/versions/3.3.5/lib "false -o conftest -I/Users/stephansmith/.rbenv/versions/3.3.5/include/ruby-3.3.0/x86_64-darwin24 -I/Users/stephansmith/.rbenv/versions/3.3.5/include/ruby-3.3.0/ruby/backward -I/Users/stephansmith/.rbenv/versions/3.3.5/include/ruby-3.3.0 -I. -I/usr/local/opt/openssl@3/include -D_XOPEN_SOURCE -D_DARWIN_C_SOURCE -D_DARWIN_UNLIMITED_SELECT -D_REENTRANT   -fdeclspec -O3 -fno-fast-math -ggdb3 -Wall -Wextra -Wextra-tokens -Wdeprecated-declarations -Wdivision-by-zero -Wdiv-by-zero -Wimplicit-function-declaration -Wimplicit-int -Wpointer-arith -Wshorten-64-to-32 -Wwrite-strings -Wold-style-definition -Wmissing-noreturn -Wno-cast-function-type -Wno-constant-logical-operand -Wno-long-long -Wno-missing-field-initializers -Wno-overlength-strings -Wno-parentheses-equality -Wno-self-assign -Wno-tautological-compare -Wno-unused-parameter -Wno-unused-value -Wunused-variable -Wmisleading-indentation -Wundef  -fno-common -pipe conftest.c  -L. -L/Users/stephansmith/.rbenv/versions/3.3.5/lib -L/usr/local/opt/openssl@3/lib -L. -fstack-protector-strong -L/usr/local/opt/gmp/lib     -lcrypto -lssl -lruby.3.3 -Wall -lpthread  "
checked program was:
/* begin */
1: #include "ruby.h"
2: 
3: int main() {return 0;}
/* end */

DYLD_LIBRARY_PATH=.:/Users/stephansmith/.rbenv/versions/3.3.5/lib "false -o conftest -I/Users/stephansmith/.rbenv/versions/3.3.5/include/ruby-3.3.0/x86_64-darwin24 -I/Users/stephansmith/.rbenv/versions/3.3.5/include/ruby-3.3.0/ruby/backward -I/Users/stephansmith/.rbenv/versions/3.3.5/include/ruby-3.3.0 -I. -I/usr/local/opt/openssl@3/include -D_XOPEN_SOURCE -D_DARWIN_C_SOURCE -D_DARWIN_UNLIMITED_SELECT -D_REENTRANT   -fdeclspec -O3 -fno-fast-math -ggdb3 -Wall -Wextra -Wextra-tokens -Wdeprecated-declarations -Wdivision-by-zero -Wdiv-by-zero -Wimplicit-function-declaration -Wimplicit-int -Wpointer-arith -Wshorten-64-to-32 -Wwrite-strings -Wold-style-definition -Wmissing-noreturn -Wno-cast-function-type -Wno-constant-logical-operand -Wno-long-long -Wno-missing-field-initializers -Wno-overlength-strings -Wno-parentheses-equality -Wno-self-assign -Wno-tautological-compare -Wno-unused-parameter -Wno-unused-value -Wunused-variable -Wmisleading-indentation -Wundef  -fno-common -pipe conftest.c  -L. -L/Users/stephansmith/.rbenv/versions/3.3.5/lib -L/usr/local/opt/openssl@3/lib -L. -fstack-protector-strong -L/usr/local/opt/gmp/lib     -lcrypto -lssl -lruby.3.3 -Wextra -lpthread  "
checked program was:
/* begin */
1: #include "ruby.h"
2: 
3: int main() {return 0;}
/* end */

DYLD_LIBRARY_PATH=.:/Users/stephansmith/.rbenv/versions/3.3.5/lib "false -o conftest -I/Users/stephansmith/.rbenv/versions/3.3.5/include/ruby-3.3.0/x86_64-darwin24 -I/Users/stephansmith/.rbenv/versions/3.3.5/include/ruby-3.3.0/ruby/backward -I/Users/stephansmith/.rbenv/versions/3.3.5/include/ruby-3.3.0 -I. -I/usr/local/opt/openssl@3/include -D_XOPEN_SOURCE -D_DARWIN_C_SOURCE -D_DARWIN_UNLIMITED_SELECT -D_REENTRANT   -fdeclspec -O3 -fno-fast-math -ggdb3 -Wall -Wextra -Wextra-tokens -Wdeprecated-declarations -Wdivision-by-zero -Wdiv-by-zero -Wimplicit-function-declaration -Wimplicit-int -Wpointer-arith -Wshorten-64-to-32 -Wwrite-strings -Wold-style-definition -Wmissing-noreturn -Wno-cast-function-type -Wno-constant-logical-operand -Wno-long-long -Wno-missing-field-initializers -Wno-overlength-strings -Wno-parentheses-equality -Wno-self-assign -Wno-tautological-compare -Wno-unused-parameter -Wno-unused-value -Wunused-variable -Wmisleading-indentation -Wundef  -fno-common -pipe conftest.c  -L. -L/Users/stephansmith/.rbenv/versions/3.3.5/lib -L/usr/local/opt/openssl@3/lib -L. -fstack-protector-strong -L/usr/local/opt/gmp/lib     -lcrypto -lssl -lruby.3.3 -Wno-deprecated-declarations -lpthread  "
checked program was:
/* begin */
1: #include "ruby.h"
2: 
3: int main() {return 0;}
/* end */

DYLD_LIBRARY_PATH=.:/Users/stephansmith/.rbenv/versions/3.3.5/lib "false -o conftest -I/Users/stephansmith/.rbenv/versions/3.3.5/include/ruby-3.3.0/x86_64-darwin24 -I/Users/stephansmith/.rbenv/versions/3.3.5/include/ruby-3.3.0/ruby/backward -I/Users/stephansmith/.rbenv/versions/3.3.5/include/ruby-3.3.0 -I. -I/usr/local/opt/openssl@3/include -D_XOPEN_SOURCE -D_DARWIN_C_SOURCE -D_DARWIN_UNLIMITED_SELECT -D_REENTRANT   -fdeclspec -O3 -fno-fast-math -ggdb3 -Wall -Wextra -Wextra-tokens -Wdeprecated-declarations -Wdivision-by-zero -Wdiv-by-zero -Wimplicit-function-declaration -Wimplicit-int -Wpointer-arith -Wshorten-64-to-32 -Wwrite-strings -Wold-style-definition -Wmissing-noreturn -Wno-cast-function-type -Wno-constant-logical-operand -Wno-long-long -Wno-missing-field-initializers -Wno-overlength-strings -Wno-parentheses-equality -Wno-self-assign -Wno-tautological-compare -Wno-unused-parameter -Wno-unused-value -Wunused-variable -Wmisleading-indentation -Wundef  -fno-common -pipe conftest.c  -L. -L/Users/stephansmith/.rbenv/versions/3.3.5/lib -L/usr/local/opt/openssl@3/lib -L. -fstack-protector-strong -L/usr/local/opt/gmp/lib     -lcrypto -lssl -lruby.3.3 -Wno-ignored-qualifiers -lpthread  "
checked program was:
/* begin */
1: #include "ruby.h"
2: 
3: int main() {return 0;}
/* end */

DYLD_LIBRARY_PATH=.:/Users/stephansmith/.rbenv/versions/3.3.5/lib "false -o conftest -I/Users/stephansmith/.rbenv/versions/3.3.5/include/ruby-3.3.0/x86_64-darwin24 -I/Users/stephansmith/.rbenv/versions/3.3.5/include/ruby-3.3.0/ruby/backward -I/Users/stephansmith/.rbenv/versions/3.3.5/include/ruby-3.3.0 -I. -I/usr/local/opt/openssl@3/include -D_XOPEN_SOURCE -D_DARWIN_C_SOURCE -D_DARWIN_UNLIMITED_SELECT -D_REENTRANT   -fdeclspec -O3 -fno-fast-math -ggdb3 -Wall -Wextra -Wextra-tokens -Wdeprecated-declarations -Wdivision-by-zero -Wdiv-by-zero -Wimplicit-function-declaration -Wimplicit-int -Wpointer-arith -Wshorten-64-to-32 -Wwrite-strings -Wold-style-definition -Wmissing-noreturn -Wno-cast-function-type -Wno-constant-logical-operand -Wno-long-long -Wno-missing-field-initializers -Wno-overlength-strings -Wno-parentheses-equality -Wno-self-assign -Wno-tautological-compare -Wno-unused-parameter -Wno-unused-value -Wunused-variable -Wmisleading-indentation -Wundef  -fno-common -pipe conftest.c  -L. -L/Users/stephansmith/.rbenv/versions/3.3.5/lib -L/usr/local/opt/openssl@3/lib -L. -fstack-protector-strong -L/usr/local/opt/gmp/lib     -lcrypto -lssl -lruby.3.3 -Wno-unused-result -lpthread  "
checked program was:
/* begin */
1: #include "ruby.h"
2: 
3: int main() {return 0;}
/* end */

DYLD_LIBRARY_PATH=.:/Users/stephansmith/.rbenv/versions/3.3.5/lib "false -o conftest -I/Users/stephansmith/.rbenv/versions/3.3.5/include/ruby-3.3.0/x86_64-darwin24 -I/Users/stephansmith/.rbenv/versions/3.3.5/include/ruby-3.3.0/ruby/backward -I/Users/stephansmith/.rbenv/versions/3.3.5/include/ruby-3.3.0 -I. -I/usr/local/opt/openssl@3/include -D_XOPEN_SOURCE -D_DARWIN_C_SOURCE -D_DARWIN_UNLIMITED_SELECT -D_REENTRANT   -fdeclspec -O3 -fno-fast-math -ggdb3 -Wall -Wextra -Wextra-tokens -Wdeprecated-declarations -Wdivision-by-zero -Wdiv-by-zero -Wimplicit-function-declaration -Wimplicit-int -Wpointer-arith -Wshorten-64-to-32 -Wwrite-strings -Wold-style-definition -Wmissing-noreturn -Wno-cast-function-type -Wno-constant-logical-operand -Wno-long-long -Wno-missing-field-initializers -Wno-overlength-strings -Wno-parentheses-equality -Wno-self-assign -Wno-tautological-compare -Wno-unused-parameter -Wno-unused-value -Wunused-variable -Wmisleading-indentation -Wundef  -fno-common -pipe conftest.c  -L. -L/Users/stephansmith/.rbenv/versions/3.3.5/lib -L/usr/local/opt/openssl@3/lib -L. -fstack-protector-strong -L/usr/local/opt/gmp/lib     -lcrypto -lssl -lruby.3.3 -Wno-address -lpthread  "
checked program was:
/* begin */
1: #include "ruby.h"
2: 
3: int main() {return 0;}
/* end */

DYLD_LIBRARY_PATH=.:/Users/stephansmith/.rbenv/versions/3.3.5/lib "false -o conftest -I/Users/stephansmith/.rbenv/versions/3.3.5/include/ruby-3.3.0/x86_64-darwin24 -I/Users/stephansmith/.rbenv/versions/3.3.5/include/ruby-3.3.0/ruby/backward -I/Users/stephansmith/.rbenv/versions/3.3.5/include/ruby-3.3.0 -I. -I/usr/local/opt/openssl@3/include -D_XOPEN_SOURCE -D_DARWIN_C_SOURCE -D_DARWIN_UNLIMITED_SELECT -D_REENTRANT   -fdeclspec -O3 -fno-fast-math -ggdb3 -Wall -Wextra -Wextra-tokens -Wdeprecated-declarations -Wdivision-by-zero -Wdiv-by-zero -Wimplicit-function-declaration -Wimplicit-int -Wpointer-arith -Wshorten-64-to-32 -Wwrite-strings -Wold-style-definition -Wmissing-noreturn -Wno-cast-function-type -Wno-constant-logical-operand -Wno-long-long -Wno-missing-field-initializers -Wno-overlength-strings -Wno-parentheses-equality -Wno-self-assign -Wno-tautological-compare -Wno-unused-parameter -Wno-unused-value -Wunused-variable -Wmisleading-indentation -Wundef  -fno-common -pipe conftest.c  -L. -L/Users/stephansmith/.rbenv/versions/3.3.5/lib -L/usr/local/opt/openssl@3/lib -L. -fstack-protector-strong -L/usr/local/opt/gmp/lib     -lcrypto -lssl -lruby.3.3 -lstdc++ -lpthread  "
checked program was:
/* begin */
1: #include "ruby.h"
2: 
3:   #include <utility>
4:   using namespace std;
5:   int main(){ pair<const int,int> tuple = make_pair(1,2); }
/* end */

