"clang -o conftest -I/Users/stephansmith/.rbenv/versions/2.7.0/include/ruby-2.7.0/x86_64-darwin23 -I/Users/stephansmith/.rbenv/versions/2.7.0/include/ruby-2.7.0/ruby/backward -I/Users/stephansmith/.rbenv/versions/2.7.0/include/ruby-2.7.0 -I. -D_XOPEN_SOURCE -D_DARWIN_C_SOURCE -D_DARWIN_UNLIMITED_SELECT -D_REENTRANT   -O3 -ggdb3 -Wall -Wextra -Wdeprecated-declarations -Wdivision-by-zero -Wimplicit-function-declaration -Wimplicit-int -Wmisleading-indentation -Wpointer-arith -Wshorten-64-to-32 -Wwrite-strings -Wmissing-noreturn -Wno-cast-function-type -Wno-constant-logical-operand -Wno-long-long -Wno-missing-field-initializers -Wno-overlength-strings -Wno-parentheses-equality -Wno-self-assign -Wno-tautological-compare -Wno-unused-parameter -Wno-unused-value -Wunused-variable -Wextra-tokens  -fno-common -pipe conftest.c  -L. -L/Users/stephansmith/.rbenv/versions/2.7.0/lib -L. -fstack-protector-strong -L/usr/local/lib     -lruby.2.7   "
checked program was:
/* begin */
1: #include "ruby.h"
2: 
3: int main(int argc, char **argv)
4: {
5:   return !!argv[argc];
6: }
/* end */

"pkg-config --exists openssl"
| pkg-config --libs openssl
=> "-L/usr/local/Cellar/openssl@3/3.5.2/lib -lssl -lcrypto\n"
"clang -o conftest -I/Users/stephansmith/.rbenv/versions/2.7.0/include/ruby-2.7.0/x86_64-darwin23 -I/Users/stephansmith/.rbenv/versions/2.7.0/include/ruby-2.7.0/ruby/backward -I/Users/stephansmith/.rbenv/versions/2.7.0/include/ruby-2.7.0 -I. -D_XOPEN_SOURCE -D_DARWIN_C_SOURCE -D_DARWIN_UNLIMITED_SELECT -D_REENTRANT   -O3 -ggdb3 -Wall -Wextra -Wdeprecated-declarations -Wdivision-by-zero -Wimplicit-function-declaration -Wimplicit-int -Wmisleading-indentation -Wpointer-arith -Wshorten-64-to-32 -Wwrite-strings -Wmissing-noreturn -Wno-cast-function-type -Wno-constant-logical-operand -Wno-long-long -Wno-missing-field-initializers -Wno-overlength-strings -Wno-parentheses-equality -Wno-self-assign -Wno-tautological-compare -Wno-unused-parameter -Wno-unused-value -Wunused-variable -Wextra-tokens  -fno-common -pipe conftest.c  -L. -L/Users/stephansmith/.rbenv/versions/2.7.0/lib -L. -fstack-protector-strong -L/usr/local/lib     -lruby.2.7 -L/usr/local/Cellar/openssl@3/3.5.2/lib -lssl -lcrypto  "
checked program was:
/* begin */
1: #include "ruby.h"
2: 
3: int main(int argc, char **argv)
4: {
5:   return !!argv[argc];
6: }
/* end */

| pkg-config --cflags-only-I openssl
=> "-I/usr/local/Cellar/openssl@3/3.5.2/include\n"
| pkg-config --cflags-only-other openssl
=> "\n"
| pkg-config --libs-only-l openssl
=> "-lssl -lcrypto\n"
package configuration for openssl
incflags: -I/usr/local/Cellar/openssl@3/3.5.2/include
cflags: 
ldflags: -L/usr/local/Cellar/openssl@3/3.5.2/lib
libs: -lssl -lcrypto

have_library: checking for -lcrypto... -------------------- yes

"clang -o conftest -I/Users/stephansmith/.rbenv/versions/2.7.0/include/ruby-2.7.0/x86_64-darwin23 -I/Users/stephansmith/.rbenv/versions/2.7.0/include/ruby-2.7.0/ruby/backward -I/Users/stephansmith/.rbenv/versions/2.7.0/include/ruby-2.7.0 -I. -I/usr/local/Cellar/openssl@3/3.5.2/include -D_XOPEN_SOURCE -D_DARWIN_C_SOURCE -D_DARWIN_UNLIMITED_SELECT -D_REENTRANT   -O3 -ggdb3 -Wall -Wextra -Wdeprecated-declarations -Wdivision-by-zero -Wimplicit-function-declaration -Wimplicit-int -Wmisleading-indentation -Wpointer-arith -Wshorten-64-to-32 -Wwrite-strings -Wmissing-noreturn -Wno-cast-function-type -Wno-constant-logical-operand -Wno-long-long -Wno-missing-field-initializers -Wno-overlength-strings -Wno-parentheses-equality -Wno-self-assign -Wno-tautological-compare -Wno-unused-parameter -Wno-unused-value -Wunused-variable -Wextra-tokens  -fno-common -pipe  conftest.c  -L. -L/Users/stephansmith/.rbenv/versions/2.7.0/lib -L. -fstack-protector-strong -L/usr/local/lib -L/usr/local/Cellar/openssl@3/3.5.2/lib     -lssl -lcrypto -lruby.2.7  -lssl -lcrypto -lcrypto  "
ld: warning: ignoring duplicate libraries: '-lcrypto', '-lssl'
checked program was:
/* begin */
 1: #include "ruby.h"
 2: 
 3: /*top*/
 4: extern int t(void);
 5: int main(int argc, char **argv)
 6: {
 7:   if (argc > 1000000) {
 8:     int (* volatile tp)(void)=(int (*)(void))&t;
 9:     printf("%d", (*tp)());
10:   }
11: 
12:   return !!argv[argc];
13: }
14: 
15: int t(void) { ; return 0; }
/* end */

--------------------

have_library: checking for -lssl... -------------------- yes

"clang -o conftest -I/Users/stephansmith/.rbenv/versions/2.7.0/include/ruby-2.7.0/x86_64-darwin23 -I/Users/stephansmith/.rbenv/versions/2.7.0/include/ruby-2.7.0/ruby/backward -I/Users/stephansmith/.rbenv/versions/2.7.0/include/ruby-2.7.0 -I. -I/usr/local/Cellar/openssl@3/3.5.2/include -D_XOPEN_SOURCE -D_DARWIN_C_SOURCE -D_DARWIN_UNLIMITED_SELECT -D_REENTRANT   -O3 -ggdb3 -Wall -Wextra -Wdeprecated-declarations -Wdivision-by-zero -Wimplicit-function-declaration -Wimplicit-int -Wmisleading-indentation -Wpointer-arith -Wshorten-64-to-32 -Wwrite-strings -Wmissing-noreturn -Wno-cast-function-type -Wno-constant-logical-operand -Wno-long-long -Wno-missing-field-initializers -Wno-overlength-strings -Wno-parentheses-equality -Wno-self-assign -Wno-tautological-compare -Wno-unused-parameter -Wno-unused-value -Wunused-variable -Wextra-tokens  -fno-common -pipe  conftest.c  -L. -L/Users/stephansmith/.rbenv/versions/2.7.0/lib -L. -fstack-protector-strong -L/usr/local/lib -L/usr/local/Cellar/openssl@3/3.5.2/lib     -lssl -lcrypto -lcrypto -lruby.2.7  -lssl -lcrypto -lcrypto -lssl  "
ld: warning: ignoring duplicate libraries: '-lcrypto', '-lssl'
checked program was:
/* begin */
 1: #include "ruby.h"
 2: 
 3: /*top*/
 4: extern int t(void);
 5: int main(int argc, char **argv)
 6: {
 7:   if (argc > 1000000) {
 8:     int (* volatile tp)(void)=(int (*)(void))&t;
 9:     printf("%d", (*tp)());
10:   }
11: 
12:   return !!argv[argc];
13: }
14: 
15: int t(void) { ; return 0; }
/* end */

--------------------

have_header: checking for openssl/ssl.h... -------------------- yes

"clang -E -I/Users/stephansmith/.rbenv/versions/2.7.0/include/ruby-2.7.0/x86_64-darwin23 -I/Users/stephansmith/.rbenv/versions/2.7.0/include/ruby-2.7.0/ruby/backward -I/Users/stephansmith/.rbenv/versions/2.7.0/include/ruby-2.7.0 -I. -I/usr/local/Cellar/openssl@3/3.5.2/include -I/usr/local/opt/openssl@1.1/include -D_XOPEN_SOURCE -D_DARWIN_C_SOURCE -D_DARWIN_UNLIMITED_SELECT -D_REENTRANT   -O3 -ggdb3 -Wall -Wextra -Wdeprecated-declarations -Wdivision-by-zero -Wimplicit-function-declaration -Wimplicit-int -Wmisleading-indentation -Wpointer-arith -Wshorten-64-to-32 -Wwrite-strings -Wmissing-noreturn -Wno-cast-function-type -Wno-constant-logical-operand -Wno-long-long -Wno-missing-field-initializers -Wno-overlength-strings -Wno-parentheses-equality -Wno-self-assign -Wno-tautological-compare -Wno-unused-parameter -Wno-unused-value -Wunused-variable -Wextra-tokens  -fno-common -pipe   conftest.c -o conftest.i"
checked program was:
/* begin */
1: #include "ruby.h"
2: 
3: #include <openssl/ssl.h>
/* end */

--------------------

have_header: checking for openssl/err.h... -------------------- yes

"clang -E -I/Users/stephansmith/.rbenv/versions/2.7.0/include/ruby-2.7.0/x86_64-darwin23 -I/Users/stephansmith/.rbenv/versions/2.7.0/include/ruby-2.7.0/ruby/backward -I/Users/stephansmith/.rbenv/versions/2.7.0/include/ruby-2.7.0 -I. -I/usr/local/Cellar/openssl@3/3.5.2/include -I/usr/local/opt/openssl@1.1/include -D_XOPEN_SOURCE -D_DARWIN_C_SOURCE -D_DARWIN_UNLIMITED_SELECT -D_REENTRANT   -O3 -ggdb3 -Wall -Wextra -Wdeprecated-declarations -Wdivision-by-zero -Wimplicit-function-declaration -Wimplicit-int -Wmisleading-indentation -Wpointer-arith -Wshorten-64-to-32 -Wwrite-strings -Wmissing-noreturn -Wno-cast-function-type -Wno-constant-logical-operand -Wno-long-long -Wno-missing-field-initializers -Wno-overlength-strings -Wno-parentheses-equality -Wno-self-assign -Wno-tautological-compare -Wno-unused-parameter -Wno-unused-value -Wunused-variable -Wextra-tokens  -fno-common -pipe   conftest.c -o conftest.i"
checked program was:
/* begin */
1: #include "ruby.h"
2: 
3: #include <openssl/err.h>
/* end */

--------------------

have_var: checking for rb_trap_immediate in ruby.h,rubysig.h... -------------------- no

"clang -I/Users/stephansmith/.rbenv/versions/2.7.0/include/ruby-2.7.0/x86_64-darwin23 -I/Users/stephansmith/.rbenv/versions/2.7.0/include/ruby-2.7.0/ruby/backward -I/Users/stephansmith/.rbenv/versions/2.7.0/include/ruby-2.7.0 -I. -I/usr/local/Cellar/openssl@3/3.5.2/include -I/usr/local/opt/openssl@1.1/include -D_XOPEN_SOURCE -D_DARWIN_C_SOURCE -D_DARWIN_UNLIMITED_SELECT -D_REENTRANT   -O3 -ggdb3 -Wall -Wextra -Wdeprecated-declarations -Wdivision-by-zero -Wimplicit-function-declaration -Wimplicit-int -Wmisleading-indentation -Wpointer-arith -Wshorten-64-to-32 -Wwrite-strings -Wmissing-noreturn -Wno-cast-function-type -Wno-constant-logical-operand -Wno-long-long -Wno-missing-field-initializers -Wno-overlength-strings -Wno-parentheses-equality -Wno-self-assign -Wno-tautological-compare -Wno-unused-parameter -Wno-unused-value -Wunused-variable -Wextra-tokens  -fno-common -pipe    -c conftest.c"
In file included from conftest.c:4:
/Users/stephansmith/.rbenv/versions/2.7.0/include/ruby-2.7.0/ruby/backward/rubysig.h:14:2: warning: rubysig.h is obsolete [-W#warnings]
   14 | #warning rubysig.h is obsolete
      |  ^
conftest.c:17:55: error: use of undeclared identifier 'rb_trap_immediate'; did you mean 'rb_trap_exit'?
   17 | int t(void) { const volatile void *volatile p; p = &(&rb_trap_immediate)[0]; return !p; }
      |                                                       ^~~~~~~~~~~~~~~~~
      |                                                       rb_trap_exit
/Users/stephansmith/.rbenv/versions/2.7.0/include/ruby-2.7.0/ruby/backward.h:50:37: note: 'rb_trap_exit' declared here
   50 | DECLARE_DEPRECATED_INTERNAL_FEATURE(rb_trap_exit);
      |                                     ^
conftest.c:17:53: error: subscript of pointer to function type 'void (void) __attribute__((noreturn))'
   17 | int t(void) { const volatile void *volatile p; p = &(&rb_trap_immediate)[0]; return !p; }
      |                                                     ^~~~~~~~~~~~~~~~~~~~
1 warning and 2 errors generated.
checked program was:
/* begin */
 1: #include "ruby.h"
 2: 
 3: #include <ruby.h>
 4: #include <rubysig.h>
 5: 
 6: /*top*/
 7: extern int t(void);
 8: int main(int argc, char **argv)
 9: {
10:   if (argc > 1000000) {
11:     int (* volatile tp)(void)=(int (*)(void))&t;
12:     printf("%d", (*tp)());
13:   }
14: 
15:   return !!argv[argc];
16: }
17: int t(void) { const volatile void *volatile p; p = &(&rb_trap_immediate)[0]; return !p; }
/* end */

--------------------

have_func: checking for rb_thread_blocking_region()... -------------------- no

"clang -o conftest -I/Users/stephansmith/.rbenv/versions/2.7.0/include/ruby-2.7.0/x86_64-darwin23 -I/Users/stephansmith/.rbenv/versions/2.7.0/include/ruby-2.7.0/ruby/backward -I/Users/stephansmith/.rbenv/versions/2.7.0/include/ruby-2.7.0 -I. -I/usr/local/Cellar/openssl@3/3.5.2/include -I/usr/local/opt/openssl@1.1/include -D_XOPEN_SOURCE -D_DARWIN_C_SOURCE -D_DARWIN_UNLIMITED_SELECT -D_REENTRANT   -O3 -ggdb3 -Wall -Wextra -Wdeprecated-declarations -Wdivision-by-zero -Wimplicit-function-declaration -Wimplicit-int -Wmisleading-indentation -Wpointer-arith -Wshorten-64-to-32 -Wwrite-strings -Wmissing-noreturn -Wno-cast-function-type -Wno-constant-logical-operand -Wno-long-long -Wno-missing-field-initializers -Wno-overlength-strings -Wno-parentheses-equality -Wno-self-assign -Wno-tautological-compare -Wno-unused-parameter -Wno-unused-value -Wunused-variable -Wextra-tokens  -fno-common -pipe  conftest.c  -L. -L/Users/stephansmith/.rbenv/versions/2.7.0/lib -L/usr/local/opt/openssl@1.1/lib -L. -fstack-protector-strong -L/usr/local/lib -L/usr/local/Cellar/openssl@3/3.5.2/lib     -lssl -lcrypto -lcrypto -lssl -lruby.2.7  -lssl -lcrypto -lcrypto -lssl  "
conftest.c:14:57: error: use of undeclared identifier 'rb_thread_blocking_region'
   14 | int t(void) { void ((*volatile p)()); p = (void ((*)()))rb_thread_blocking_region; return !p; }
      |                                                         ^
1 error generated.
checked program was:
/* begin */
 1: #include "ruby.h"
 2: 
 3: /*top*/
 4: extern int t(void);
 5: int main(int argc, char **argv)
 6: {
 7:   if (argc > 1000000) {
 8:     int (* volatile tp)(void)=(int (*)(void))&t;
 9:     printf("%d", (*tp)());
10:   }
11: 
12:   return !!argv[argc];
13: }
14: int t(void) { void ((*volatile p)()); p = (void ((*)()))rb_thread_blocking_region; return !p; }
/* end */

"clang -o conftest -I/Users/stephansmith/.rbenv/versions/2.7.0/include/ruby-2.7.0/x86_64-darwin23 -I/Users/stephansmith/.rbenv/versions/2.7.0/include/ruby-2.7.0/ruby/backward -I/Users/stephansmith/.rbenv/versions/2.7.0/include/ruby-2.7.0 -I. -I/usr/local/Cellar/openssl@3/3.5.2/include -I/usr/local/opt/openssl@1.1/include -D_XOPEN_SOURCE -D_DARWIN_C_SOURCE -D_DARWIN_UNLIMITED_SELECT -D_REENTRANT   -O3 -ggdb3 -Wall -Wextra -Wdeprecated-declarations -Wdivision-by-zero -Wimplicit-function-declaration -Wimplicit-int -Wmisleading-indentation -Wpointer-arith -Wshorten-64-to-32 -Wwrite-strings -Wmissing-noreturn -Wno-cast-function-type -Wno-constant-logical-operand -Wno-long-long -Wno-missing-field-initializers -Wno-overlength-strings -Wno-parentheses-equality -Wno-self-assign -Wno-tautological-compare -Wno-unused-parameter -Wno-unused-value -Wunused-variable -Wextra-tokens  -fno-common -pipe  conftest.c  -L. -L/Users/stephansmith/.rbenv/versions/2.7.0/lib -L/usr/local/opt/openssl@1.1/lib -L. -fstack-protector-strong -L/usr/local/lib -L/usr/local/Cellar/openssl@3/3.5.2/lib     -lssl -lcrypto -lcrypto -lssl -lruby.2.7  -lssl -lcrypto -lcrypto -lssl  "
ld: warning: ignoring duplicate libraries: '-lcrypto', '-lssl'
Undefined symbols for architecture x86_64:
  "_rb_thread_blocking_region", referenced from:
      _t in conftest-73be04.o
ld: symbol(s) not found for architecture x86_64
clang: error: linker command failed with exit code 1 (use -v to see invocation)
checked program was:
/* begin */
 1: #include "ruby.h"
 2: 
 3: /*top*/
 4: extern int t(void);
 5: int main(int argc, char **argv)
 6: {
 7:   if (argc > 1000000) {
 8:     int (* volatile tp)(void)=(int (*)(void))&t;
 9:     printf("%d", (*tp)());
10:   }
11: 
12:   return !!argv[argc];
13: }
14: extern void rb_thread_blocking_region();
15: int t(void) { rb_thread_blocking_region(); return 0; }
/* end */

--------------------

have_func: checking for rb_thread_call_without_gvl() in ruby/thread.h... -------------------- yes

"clang -o conftest -I/Users/stephansmith/.rbenv/versions/2.7.0/include/ruby-2.7.0/x86_64-darwin23 -I/Users/stephansmith/.rbenv/versions/2.7.0/include/ruby-2.7.0/ruby/backward -I/Users/stephansmith/.rbenv/versions/2.7.0/include/ruby-2.7.0 -I. -I/usr/local/Cellar/openssl@3/3.5.2/include -I/usr/local/opt/openssl@1.1/include -D_XOPEN_SOURCE -D_DARWIN_C_SOURCE -D_DARWIN_UNLIMITED_SELECT -D_REENTRANT   -O3 -ggdb3 -Wall -Wextra -Wdeprecated-declarations -Wdivision-by-zero -Wimplicit-function-declaration -Wimplicit-int -Wmisleading-indentation -Wpointer-arith -Wshorten-64-to-32 -Wwrite-strings -Wmissing-noreturn -Wno-cast-function-type -Wno-constant-logical-operand -Wno-long-long -Wno-missing-field-initializers -Wno-overlength-strings -Wno-parentheses-equality -Wno-self-assign -Wno-tautological-compare -Wno-unused-parameter -Wno-unused-value -Wunused-variable -Wextra-tokens  -fno-common -pipe  conftest.c  -L. -L/Users/stephansmith/.rbenv/versions/2.7.0/lib -L/usr/local/opt/openssl@1.1/lib -L. -fstack-protector-strong -L/usr/local/lib -L/usr/local/Cellar/openssl@3/3.5.2/lib     -lssl -lcrypto -lcrypto -lssl -lruby.2.7  -lssl -lcrypto -lcrypto -lssl  "
ld: warning: ignoring duplicate libraries: '-lcrypto', '-lssl'
checked program was:
/* begin */
 1: #include "ruby.h"
 2: 
 3: #include <ruby/thread.h>
 4: 
 5: /*top*/
 6: extern int t(void);
 7: int main(int argc, char **argv)
 8: {
 9:   if (argc > 1000000) {
10:     int (* volatile tp)(void)=(int (*)(void))&t;
11:     printf("%d", (*tp)());
12:   }
13: 
14:   return !!argv[argc];
15: }
16: int t(void) { void ((*volatile p)()); p = (void ((*)()))rb_thread_call_without_gvl; return !p; }
/* end */

--------------------

have_func: checking for rb_thread_fd_select()... -------------------- yes

"clang -o conftest -I/Users/stephansmith/.rbenv/versions/2.7.0/include/ruby-2.7.0/x86_64-darwin23 -I/Users/stephansmith/.rbenv/versions/2.7.0/include/ruby-2.7.0/ruby/backward -I/Users/stephansmith/.rbenv/versions/2.7.0/include/ruby-2.7.0 -I. -I/usr/local/Cellar/openssl@3/3.5.2/include -I/usr/local/opt/openssl@1.1/include -D_XOPEN_SOURCE -D_DARWIN_C_SOURCE -D_DARWIN_UNLIMITED_SELECT -D_REENTRANT   -O3 -ggdb3 -Wall -Wextra -Wdeprecated-declarations -Wdivision-by-zero -Wimplicit-function-declaration -Wimplicit-int -Wmisleading-indentation -Wpointer-arith -Wshorten-64-to-32 -Wwrite-strings -Wmissing-noreturn -Wno-cast-function-type -Wno-constant-logical-operand -Wno-long-long -Wno-missing-field-initializers -Wno-overlength-strings -Wno-parentheses-equality -Wno-self-assign -Wno-tautological-compare -Wno-unused-parameter -Wno-unused-value -Wunused-variable -Wextra-tokens  -fno-common -pipe  conftest.c  -L. -L/Users/stephansmith/.rbenv/versions/2.7.0/lib -L/usr/local/opt/openssl@1.1/lib -L. -fstack-protector-strong -L/usr/local/lib -L/usr/local/Cellar/openssl@3/3.5.2/lib     -lssl -lcrypto -lcrypto -lssl -lruby.2.7  -lssl -lcrypto -lcrypto -lssl  "
ld: warning: ignoring duplicate libraries: '-lcrypto', '-lssl'
checked program was:
/* begin */
 1: #include "ruby.h"
 2: 
 3: /*top*/
 4: extern int t(void);
 5: int main(int argc, char **argv)
 6: {
 7:   if (argc > 1000000) {
 8:     int (* volatile tp)(void)=(int (*)(void))&t;
 9:     printf("%d", (*tp)());
10:   }
11: 
12:   return !!argv[argc];
13: }
14: int t(void) { void ((*volatile p)()); p = (void ((*)()))rb_thread_fd_select; return !p; }
/* end */

--------------------

have_type: checking for rb_fdset_t in ruby/intern.h... -------------------- yes

"clang -I/Users/stephansmith/.rbenv/versions/2.7.0/include/ruby-2.7.0/x86_64-darwin23 -I/Users/stephansmith/.rbenv/versions/2.7.0/include/ruby-2.7.0/ruby/backward -I/Users/stephansmith/.rbenv/versions/2.7.0/include/ruby-2.7.0 -I. -I/usr/local/Cellar/openssl@3/3.5.2/include -I/usr/local/opt/openssl@1.1/include -D_XOPEN_SOURCE -D_DARWIN_C_SOURCE -D_DARWIN_UNLIMITED_SELECT -D_REENTRANT   -O3 -ggdb3 -Wall -Wextra -Wdeprecated-declarations -Wdivision-by-zero -Wimplicit-function-declaration -Wimplicit-int -Wmisleading-indentation -Wpointer-arith -Wshorten-64-to-32 -Wwrite-strings -Wmissing-noreturn -Wno-cast-function-type -Wno-constant-logical-operand -Wno-long-long -Wno-missing-field-initializers -Wno-overlength-strings -Wno-parentheses-equality -Wno-self-assign -Wno-tautological-compare -Wno-unused-parameter -Wno-unused-value -Wunused-variable -Wextra-tokens  -fno-common -pipe    -c conftest.c"
checked program was:
/* begin */
1: #include "ruby.h"
2: 
3: #include <ruby/intern.h>
4: 
5: /*top*/
6: typedef rb_fdset_t conftest_type;
7: int conftestval[sizeof(conftest_type)?1:-1];
/* end */

--------------------

have_func: checking for rb_wait_for_single_fd()... -------------------- yes

"clang -o conftest -I/Users/stephansmith/.rbenv/versions/2.7.0/include/ruby-2.7.0/x86_64-darwin23 -I/Users/stephansmith/.rbenv/versions/2.7.0/include/ruby-2.7.0/ruby/backward -I/Users/stephansmith/.rbenv/versions/2.7.0/include/ruby-2.7.0 -I. -I/usr/local/Cellar/openssl@3/3.5.2/include -I/usr/local/opt/openssl@1.1/include -D_XOPEN_SOURCE -D_DARWIN_C_SOURCE -D_DARWIN_UNLIMITED_SELECT -D_REENTRANT   -O3 -ggdb3 -Wall -Wextra -Wdeprecated-declarations -Wdivision-by-zero -Wimplicit-function-declaration -Wimplicit-int -Wmisleading-indentation -Wpointer-arith -Wshorten-64-to-32 -Wwrite-strings -Wmissing-noreturn -Wno-cast-function-type -Wno-constant-logical-operand -Wno-long-long -Wno-missing-field-initializers -Wno-overlength-strings -Wno-parentheses-equality -Wno-self-assign -Wno-tautological-compare -Wno-unused-parameter -Wno-unused-value -Wunused-variable -Wextra-tokens  -fno-common -pipe  conftest.c  -L. -L/Users/stephansmith/.rbenv/versions/2.7.0/lib -L/usr/local/opt/openssl@1.1/lib -L. -fstack-protector-strong -L/usr/local/lib -L/usr/local/Cellar/openssl@3/3.5.2/lib     -lssl -lcrypto -lcrypto -lssl -lruby.2.7  -lssl -lcrypto -lcrypto -lssl  "
conftest.c:14:57: error: use of undeclared identifier 'rb_wait_for_single_fd'
   14 | int t(void) { void ((*volatile p)()); p = (void ((*)()))rb_wait_for_single_fd; return !p; }
      |                                                         ^
1 error generated.
checked program was:
/* begin */
 1: #include "ruby.h"
 2: 
 3: /*top*/
 4: extern int t(void);
 5: int main(int argc, char **argv)
 6: {
 7:   if (argc > 1000000) {
 8:     int (* volatile tp)(void)=(int (*)(void))&t;
 9:     printf("%d", (*tp)());
10:   }
11: 
12:   return !!argv[argc];
13: }
14: int t(void) { void ((*volatile p)()); p = (void ((*)()))rb_wait_for_single_fd; return !p; }
/* end */

"clang -o conftest -I/Users/stephansmith/.rbenv/versions/2.7.0/include/ruby-2.7.0/x86_64-darwin23 -I/Users/stephansmith/.rbenv/versions/2.7.0/include/ruby-2.7.0/ruby/backward -I/Users/stephansmith/.rbenv/versions/2.7.0/include/ruby-2.7.0 -I. -I/usr/local/Cellar/openssl@3/3.5.2/include -I/usr/local/opt/openssl@1.1/include -D_XOPEN_SOURCE -D_DARWIN_C_SOURCE -D_DARWIN_UNLIMITED_SELECT -D_REENTRANT   -O3 -ggdb3 -Wall -Wextra -Wdeprecated-declarations -Wdivision-by-zero -Wimplicit-function-declaration -Wimplicit-int -Wmisleading-indentation -Wpointer-arith -Wshorten-64-to-32 -Wwrite-strings -Wmissing-noreturn -Wno-cast-function-type -Wno-constant-logical-operand -Wno-long-long -Wno-missing-field-initializers -Wno-overlength-strings -Wno-parentheses-equality -Wno-self-assign -Wno-tautological-compare -Wno-unused-parameter -Wno-unused-value -Wunused-variable -Wextra-tokens  -fno-common -pipe  conftest.c  -L. -L/Users/stephansmith/.rbenv/versions/2.7.0/lib -L/usr/local/opt/openssl@1.1/lib -L. -fstack-protector-strong -L/usr/local/lib -L/usr/local/Cellar/openssl@3/3.5.2/lib     -lssl -lcrypto -lcrypto -lssl -lruby.2.7  -lssl -lcrypto -lcrypto -lssl  "
ld: warning: ignoring duplicate libraries: '-lcrypto', '-lssl'
checked program was:
/* begin */
 1: #include "ruby.h"
 2: 
 3: /*top*/
 4: extern int t(void);
 5: int main(int argc, char **argv)
 6: {
 7:   if (argc > 1000000) {
 8:     int (* volatile tp)(void)=(int (*)(void))&t;
 9:     printf("%d", (*tp)());
10:   }
11: 
12:   return !!argv[argc];
13: }
14: extern void rb_wait_for_single_fd();
15: int t(void) { rb_wait_for_single_fd(); return 0; }
/* end */

--------------------

have_func: checking for rb_enable_interrupt()... -------------------- no

"clang -o conftest -I/Users/stephansmith/.rbenv/versions/2.7.0/include/ruby-2.7.0/x86_64-darwin23 -I/Users/stephansmith/.rbenv/versions/2.7.0/include/ruby-2.7.0/ruby/backward -I/Users/stephansmith/.rbenv/versions/2.7.0/include/ruby-2.7.0 -I. -I/usr/local/Cellar/openssl@3/3.5.2/include -I/usr/local/opt/openssl@1.1/include -D_XOPEN_SOURCE -D_DARWIN_C_SOURCE -D_DARWIN_UNLIMITED_SELECT -D_REENTRANT   -O3 -ggdb3 -Wall -Wextra -Wdeprecated-declarations -Wdivision-by-zero -Wimplicit-function-declaration -Wimplicit-int -Wmisleading-indentation -Wpointer-arith -Wshorten-64-to-32 -Wwrite-strings -Wmissing-noreturn -Wno-cast-function-type -Wno-constant-logical-operand -Wno-long-long -Wno-missing-field-initializers -Wno-overlength-strings -Wno-parentheses-equality -Wno-self-assign -Wno-tautological-compare -Wno-unused-parameter -Wno-unused-value -Wunused-variable -Wextra-tokens  -fno-common -pipe  conftest.c  -L. -L/Users/stephansmith/.rbenv/versions/2.7.0/lib -L/usr/local/opt/openssl@1.1/lib -L. -fstack-protector-strong -L/usr/local/lib -L/usr/local/Cellar/openssl@3/3.5.2/lib     -lssl -lcrypto -lcrypto -lssl -lruby.2.7  -lssl -lcrypto -lcrypto -lssl  "
conftest.c:14:57: error: use of undeclared identifier 'rb_enable_interrupt'
   14 | int t(void) { void ((*volatile p)()); p = (void ((*)()))rb_enable_interrupt; return !p; }
      |                                                         ^
1 error generated.
checked program was:
/* begin */
 1: #include "ruby.h"
 2: 
 3: /*top*/
 4: extern int t(void);
 5: int main(int argc, char **argv)
 6: {
 7:   if (argc > 1000000) {
 8:     int (* volatile tp)(void)=(int (*)(void))&t;
 9:     printf("%d", (*tp)());
10:   }
11: 
12:   return !!argv[argc];
13: }
14: int t(void) { void ((*volatile p)()); p = (void ((*)()))rb_enable_interrupt; return !p; }
/* end */

"clang -o conftest -I/Users/stephansmith/.rbenv/versions/2.7.0/include/ruby-2.7.0/x86_64-darwin23 -I/Users/stephansmith/.rbenv/versions/2.7.0/include/ruby-2.7.0/ruby/backward -I/Users/stephansmith/.rbenv/versions/2.7.0/include/ruby-2.7.0 -I. -I/usr/local/Cellar/openssl@3/3.5.2/include -I/usr/local/opt/openssl@1.1/include -D_XOPEN_SOURCE -D_DARWIN_C_SOURCE -D_DARWIN_UNLIMITED_SELECT -D_REENTRANT   -O3 -ggdb3 -Wall -Wextra -Wdeprecated-declarations -Wdivision-by-zero -Wimplicit-function-declaration -Wimplicit-int -Wmisleading-indentation -Wpointer-arith -Wshorten-64-to-32 -Wwrite-strings -Wmissing-noreturn -Wno-cast-function-type -Wno-constant-logical-operand -Wno-long-long -Wno-missing-field-initializers -Wno-overlength-strings -Wno-parentheses-equality -Wno-self-assign -Wno-tautological-compare -Wno-unused-parameter -Wno-unused-value -Wunused-variable -Wextra-tokens  -fno-common -pipe  conftest.c  -L. -L/Users/stephansmith/.rbenv/versions/2.7.0/lib -L/usr/local/opt/openssl@1.1/lib -L. -fstack-protector-strong -L/usr/local/lib -L/usr/local/Cellar/openssl@3/3.5.2/lib     -lssl -lcrypto -lcrypto -lssl -lruby.2.7  -lssl -lcrypto -lcrypto -lssl  "
ld: warning: ignoring duplicate libraries: '-lcrypto', '-lssl'
Undefined symbols for architecture x86_64:
  "_rb_enable_interrupt", referenced from:
      _t in conftest-d2857a.o
ld: symbol(s) not found for architecture x86_64
clang: error: linker command failed with exit code 1 (use -v to see invocation)
checked program was:
/* begin */
 1: #include "ruby.h"
 2: 
 3: /*top*/
 4: extern int t(void);
 5: int main(int argc, char **argv)
 6: {
 7:   if (argc > 1000000) {
 8:     int (* volatile tp)(void)=(int (*)(void))&t;
 9:     printf("%d", (*tp)());
10:   }
11: 
12:   return !!argv[argc];
13: }
14: extern void rb_enable_interrupt();
15: int t(void) { rb_enable_interrupt(); return 0; }
/* end */

--------------------

have_func: checking for rb_time_new()... -------------------- yes

"clang -o conftest -I/Users/stephansmith/.rbenv/versions/2.7.0/include/ruby-2.7.0/x86_64-darwin23 -I/Users/stephansmith/.rbenv/versions/2.7.0/include/ruby-2.7.0/ruby/backward -I/Users/stephansmith/.rbenv/versions/2.7.0/include/ruby-2.7.0 -I. -I/usr/local/Cellar/openssl@3/3.5.2/include -I/usr/local/opt/openssl@1.1/include -D_XOPEN_SOURCE -D_DARWIN_C_SOURCE -D_DARWIN_UNLIMITED_SELECT -D_REENTRANT   -O3 -ggdb3 -Wall -Wextra -Wdeprecated-declarations -Wdivision-by-zero -Wimplicit-function-declaration -Wimplicit-int -Wmisleading-indentation -Wpointer-arith -Wshorten-64-to-32 -Wwrite-strings -Wmissing-noreturn -Wno-cast-function-type -Wno-constant-logical-operand -Wno-long-long -Wno-missing-field-initializers -Wno-overlength-strings -Wno-parentheses-equality -Wno-self-assign -Wno-tautological-compare -Wno-unused-parameter -Wno-unused-value -Wunused-variable -Wextra-tokens  -fno-common -pipe  conftest.c  -L. -L/Users/stephansmith/.rbenv/versions/2.7.0/lib -L/usr/local/opt/openssl@1.1/lib -L. -fstack-protector-strong -L/usr/local/lib -L/usr/local/Cellar/openssl@3/3.5.2/lib     -lssl -lcrypto -lcrypto -lssl -lruby.2.7  -lssl -lcrypto -lcrypto -lssl  "
ld: warning: ignoring duplicate libraries: '-lcrypto', '-lssl'
checked program was:
/* begin */
 1: #include "ruby.h"
 2: 
 3: /*top*/
 4: extern int t(void);
 5: int main(int argc, char **argv)
 6: {
 7:   if (argc > 1000000) {
 8:     int (* volatile tp)(void)=(int (*)(void))&t;
 9:     printf("%d", (*tp)());
10:   }
11: 
12:   return !!argv[argc];
13: }
14: int t(void) { void ((*volatile p)()); p = (void ((*)()))rb_time_new; return !p; }
/* end */

--------------------

have_func: checking for inotify_init() in sys/inotify.h... -------------------- no

"clang -o conftest -I/Users/stephansmith/.rbenv/versions/2.7.0/include/ruby-2.7.0/x86_64-darwin23 -I/Users/stephansmith/.rbenv/versions/2.7.0/include/ruby-2.7.0/ruby/backward -I/Users/stephansmith/.rbenv/versions/2.7.0/include/ruby-2.7.0 -I. -I/usr/local/Cellar/openssl@3/3.5.2/include -I/usr/local/opt/openssl@1.1/include -D_XOPEN_SOURCE -D_DARWIN_C_SOURCE -D_DARWIN_UNLIMITED_SELECT -D_REENTRANT   -O3 -ggdb3 -Wall -Wextra -Wdeprecated-declarations -Wdivision-by-zero -Wimplicit-function-declaration -Wimplicit-int -Wmisleading-indentation -Wpointer-arith -Wshorten-64-to-32 -Wwrite-strings -Wmissing-noreturn -Wno-cast-function-type -Wno-constant-logical-operand -Wno-long-long -Wno-missing-field-initializers -Wno-overlength-strings -Wno-parentheses-equality -Wno-self-assign -Wno-tautological-compare -Wno-unused-parameter -Wno-unused-value -Wunused-variable -Wextra-tokens  -fno-common -pipe  conftest.c  -L. -L/Users/stephansmith/.rbenv/versions/2.7.0/lib -L/usr/local/opt/openssl@1.1/lib -L. -fstack-protector-strong -L/usr/local/lib -L/usr/local/Cellar/openssl@3/3.5.2/lib     -lssl -lcrypto -lcrypto -lssl -lruby.2.7  -lssl -lcrypto -lcrypto -lssl  "
conftest.c:3:10: fatal error: 'sys/inotify.h' file not found
    3 | #include <sys/inotify.h>
      |          ^~~~~~~~~~~~~~~
1 error generated.
checked program was:
/* begin */
 1: #include "ruby.h"
 2: 
 3: #include <sys/inotify.h>
 4: 
 5: /*top*/
 6: extern int t(void);
 7: int main(int argc, char **argv)
 8: {
 9:   if (argc > 1000000) {
10:     int (* volatile tp)(void)=(int (*)(void))&t;
11:     printf("%d", (*tp)());
12:   }
13: 
14:   return !!argv[argc];
15: }
16: int t(void) { void ((*volatile p)()); p = (void ((*)()))inotify_init; return !p; }
/* end */

"clang -o conftest -I/Users/stephansmith/.rbenv/versions/2.7.0/include/ruby-2.7.0/x86_64-darwin23 -I/Users/stephansmith/.rbenv/versions/2.7.0/include/ruby-2.7.0/ruby/backward -I/Users/stephansmith/.rbenv/versions/2.7.0/include/ruby-2.7.0 -I. -I/usr/local/Cellar/openssl@3/3.5.2/include -I/usr/local/opt/openssl@1.1/include -D_XOPEN_SOURCE -D_DARWIN_C_SOURCE -D_DARWIN_UNLIMITED_SELECT -D_REENTRANT   -O3 -ggdb3 -Wall -Wextra -Wdeprecated-declarations -Wdivision-by-zero -Wimplicit-function-declaration -Wimplicit-int -Wmisleading-indentation -Wpointer-arith -Wshorten-64-to-32 -Wwrite-strings -Wmissing-noreturn -Wno-cast-function-type -Wno-constant-logical-operand -Wno-long-long -Wno-missing-field-initializers -Wno-overlength-strings -Wno-parentheses-equality -Wno-self-assign -Wno-tautological-compare -Wno-unused-parameter -Wno-unused-value -Wunused-variable -Wextra-tokens  -fno-common -pipe  conftest.c  -L. -L/Users/stephansmith/.rbenv/versions/2.7.0/lib -L/usr/local/opt/openssl@1.1/lib -L. -fstack-protector-strong -L/usr/local/lib -L/usr/local/Cellar/openssl@3/3.5.2/lib     -lssl -lcrypto -lcrypto -lssl -lruby.2.7  -lssl -lcrypto -lcrypto -lssl  "
conftest.c:3:10: fatal error: 'sys/inotify.h' file not found
    3 | #include <sys/inotify.h>
      |          ^~~~~~~~~~~~~~~
1 error generated.
checked program was:
/* begin */
 1: #include "ruby.h"
 2: 
 3: #include <sys/inotify.h>
 4: 
 5: /*top*/
 6: extern int t(void);
 7: int main(int argc, char **argv)
 8: {
 9:   if (argc > 1000000) {
10:     int (* volatile tp)(void)=(int (*)(void))&t;
11:     printf("%d", (*tp)());
12:   }
13: 
14:   return !!argv[argc];
15: }
16: extern void inotify_init();
17: int t(void) { inotify_init(); return 0; }
/* end */

--------------------

have_macro: checking for __NR_inotify_init in sys/syscall.h... -------------------- no

"clang -I/Users/stephansmith/.rbenv/versions/2.7.0/include/ruby-2.7.0/x86_64-darwin23 -I/Users/stephansmith/.rbenv/versions/2.7.0/include/ruby-2.7.0/ruby/backward -I/Users/stephansmith/.rbenv/versions/2.7.0/include/ruby-2.7.0 -I. -I/usr/local/Cellar/openssl@3/3.5.2/include -I/usr/local/opt/openssl@1.1/include -D_XOPEN_SOURCE -D_DARWIN_C_SOURCE -D_DARWIN_UNLIMITED_SELECT -D_REENTRANT   -O3 -ggdb3 -Wall -Wextra -Wdeprecated-declarations -Wdivision-by-zero -Wimplicit-function-declaration -Wimplicit-int -Wmisleading-indentation -Wpointer-arith -Wshorten-64-to-32 -Wwrite-strings -Wmissing-noreturn -Wno-cast-function-type -Wno-constant-logical-operand -Wno-long-long -Wno-missing-field-initializers -Wno-overlength-strings -Wno-parentheses-equality -Wno-self-assign -Wno-tautological-compare -Wno-unused-parameter -Wno-unused-value -Wunused-variable -Wextra-tokens  -fno-common -pipe    -c conftest.c"
conftest.c:6:3: error: 
    6 | # error
      |   ^
conftest.c:7:1: error: expected identifier or '('
    7 | |:/ === __NR_inotify_init undefined === /:|
      | ^
2 errors generated.
checked program was:
/* begin */
1: #include "ruby.h"
2: 
3: #include <sys/syscall.h>
4: /*top*/
5: #ifndef __NR_inotify_init
6: # error
7: |:/ === __NR_inotify_init undefined === /:|
8: #endif
/* end */

--------------------

have_func: checking for writev() in sys/uio.h... -------------------- yes

"clang -o conftest -I/Users/stephansmith/.rbenv/versions/2.7.0/include/ruby-2.7.0/x86_64-darwin23 -I/Users/stephansmith/.rbenv/versions/2.7.0/include/ruby-2.7.0/ruby/backward -I/Users/stephansmith/.rbenv/versions/2.7.0/include/ruby-2.7.0 -I. -I/usr/local/Cellar/openssl@3/3.5.2/include -I/usr/local/opt/openssl@1.1/include -D_XOPEN_SOURCE -D_DARWIN_C_SOURCE -D_DARWIN_UNLIMITED_SELECT -D_REENTRANT   -O3 -ggdb3 -Wall -Wextra -Wdeprecated-declarations -Wdivision-by-zero -Wimplicit-function-declaration -Wimplicit-int -Wmisleading-indentation -Wpointer-arith -Wshorten-64-to-32 -Wwrite-strings -Wmissing-noreturn -Wno-cast-function-type -Wno-constant-logical-operand -Wno-long-long -Wno-missing-field-initializers -Wno-overlength-strings -Wno-parentheses-equality -Wno-self-assign -Wno-tautological-compare -Wno-unused-parameter -Wno-unused-value -Wunused-variable -Wextra-tokens  -fno-common -pipe  conftest.c  -L. -L/Users/stephansmith/.rbenv/versions/2.7.0/lib -L/usr/local/opt/openssl@1.1/lib -L. -fstack-protector-strong -L/usr/local/lib -L/usr/local/Cellar/openssl@3/3.5.2/lib     -lssl -lcrypto -lcrypto -lssl -lruby.2.7  -lssl -lcrypto -lcrypto -lssl  "
ld: warning: ignoring duplicate libraries: '-lcrypto', '-lssl'
checked program was:
/* begin */
 1: #include "ruby.h"
 2: 
 3: #include <sys/uio.h>
 4: 
 5: /*top*/
 6: extern int t(void);
 7: int main(int argc, char **argv)
 8: {
 9:   if (argc > 1000000) {
10:     int (* volatile tp)(void)=(int (*)(void))&t;
11:     printf("%d", (*tp)());
12:   }
13: 
14:   return !!argv[argc];
15: }
16: int t(void) { void ((*volatile p)()); p = (void ((*)()))writev; return !p; }
/* end */

--------------------

have_func: checking for pipe2() in unistd.h... -------------------- no

"clang -o conftest -I/Users/stephansmith/.rbenv/versions/2.7.0/include/ruby-2.7.0/x86_64-darwin23 -I/Users/stephansmith/.rbenv/versions/2.7.0/include/ruby-2.7.0/ruby/backward -I/Users/stephansmith/.rbenv/versions/2.7.0/include/ruby-2.7.0 -I. -I/usr/local/Cellar/openssl@3/3.5.2/include -I/usr/local/opt/openssl@1.1/include -D_XOPEN_SOURCE -D_DARWIN_C_SOURCE -D_DARWIN_UNLIMITED_SELECT -D_REENTRANT   -O3 -ggdb3 -Wall -Wextra -Wdeprecated-declarations -Wdivision-by-zero -Wimplicit-function-declaration -Wimplicit-int -Wmisleading-indentation -Wpointer-arith -Wshorten-64-to-32 -Wwrite-strings -Wmissing-noreturn -Wno-cast-function-type -Wno-constant-logical-operand -Wno-long-long -Wno-missing-field-initializers -Wno-overlength-strings -Wno-parentheses-equality -Wno-self-assign -Wno-tautological-compare -Wno-unused-parameter -Wno-unused-value -Wunused-variable -Wextra-tokens  -fno-common -pipe  conftest.c  -L. -L/Users/stephansmith/.rbenv/versions/2.7.0/lib -L/usr/local/opt/openssl@1.1/lib -L. -fstack-protector-strong -L/usr/local/lib -L/usr/local/Cellar/openssl@3/3.5.2/lib     -lssl -lcrypto -lcrypto -lssl -lruby.2.7  -lssl -lcrypto -lcrypto -lssl  "
conftest.c:16:57: error: use of undeclared identifier 'pipe2'
   16 | int t(void) { void ((*volatile p)()); p = (void ((*)()))pipe2; return !p; }
      |                                                         ^
1 error generated.
checked program was:
/* begin */
 1: #include "ruby.h"
 2: 
 3: #include <unistd.h>
 4: 
 5: /*top*/
 6: extern int t(void);
 7: int main(int argc, char **argv)
 8: {
 9:   if (argc > 1000000) {
10:     int (* volatile tp)(void)=(int (*)(void))&t;
11:     printf("%d", (*tp)());
12:   }
13: 
14:   return !!argv[argc];
15: }
16: int t(void) { void ((*volatile p)()); p = (void ((*)()))pipe2; return !p; }
/* end */

"clang -o conftest -I/Users/stephansmith/.rbenv/versions/2.7.0/include/ruby-2.7.0/x86_64-darwin23 -I/Users/stephansmith/.rbenv/versions/2.7.0/include/ruby-2.7.0/ruby/backward -I/Users/stephansmith/.rbenv/versions/2.7.0/include/ruby-2.7.0 -I. -I/usr/local/Cellar/openssl@3/3.5.2/include -I/usr/local/opt/openssl@1.1/include -D_XOPEN_SOURCE -D_DARWIN_C_SOURCE -D_DARWIN_UNLIMITED_SELECT -D_REENTRANT   -O3 -ggdb3 -Wall -Wextra -Wdeprecated-declarations -Wdivision-by-zero -Wimplicit-function-declaration -Wimplicit-int -Wmisleading-indentation -Wpointer-arith -Wshorten-64-to-32 -Wwrite-strings -Wmissing-noreturn -Wno-cast-function-type -Wno-constant-logical-operand -Wno-long-long -Wno-missing-field-initializers -Wno-overlength-strings -Wno-parentheses-equality -Wno-self-assign -Wno-tautological-compare -Wno-unused-parameter -Wno-unused-value -Wunused-variable -Wextra-tokens  -fno-common -pipe  conftest.c  -L. -L/Users/stephansmith/.rbenv/versions/2.7.0/lib -L/usr/local/opt/openssl@1.1/lib -L. -fstack-protector-strong -L/usr/local/lib -L/usr/local/Cellar/openssl@3/3.5.2/lib     -lssl -lcrypto -lcrypto -lssl -lruby.2.7  -lssl -lcrypto -lcrypto -lssl  "
ld: warning: ignoring duplicate libraries: '-lcrypto', '-lssl'
Undefined symbols for architecture x86_64:
  "_pipe2", referenced from:
      _t in conftest-44518e.o
ld: symbol(s) not found for architecture x86_64
clang: error: linker command failed with exit code 1 (use -v to see invocation)
checked program was:
/* begin */
 1: #include "ruby.h"
 2: 
 3: #include <unistd.h>
 4: 
 5: /*top*/
 6: extern int t(void);
 7: int main(int argc, char **argv)
 8: {
 9:   if (argc > 1000000) {
10:     int (* volatile tp)(void)=(int (*)(void))&t;
11:     printf("%d", (*tp)());
12:   }
13: 
14:   return !!argv[argc];
15: }
16: extern void pipe2();
17: int t(void) { pipe2(); return 0; }
/* end */

--------------------

have_func: checking for accept4() in sys/socket.h... -------------------- no

"clang -o conftest -I/Users/stephansmith/.rbenv/versions/2.7.0/include/ruby-2.7.0/x86_64-darwin23 -I/Users/stephansmith/.rbenv/versions/2.7.0/include/ruby-2.7.0/ruby/backward -I/Users/stephansmith/.rbenv/versions/2.7.0/include/ruby-2.7.0 -I. -I/usr/local/Cellar/openssl@3/3.5.2/include -I/usr/local/opt/openssl@1.1/include -D_XOPEN_SOURCE -D_DARWIN_C_SOURCE -D_DARWIN_UNLIMITED_SELECT -D_REENTRANT   -O3 -ggdb3 -Wall -Wextra -Wdeprecated-declarations -Wdivision-by-zero -Wimplicit-function-declaration -Wimplicit-int -Wmisleading-indentation -Wpointer-arith -Wshorten-64-to-32 -Wwrite-strings -Wmissing-noreturn -Wno-cast-function-type -Wno-constant-logical-operand -Wno-long-long -Wno-missing-field-initializers -Wno-overlength-strings -Wno-parentheses-equality -Wno-self-assign -Wno-tautological-compare -Wno-unused-parameter -Wno-unused-value -Wunused-variable -Wextra-tokens  -fno-common -pipe  conftest.c  -L. -L/Users/stephansmith/.rbenv/versions/2.7.0/lib -L/usr/local/opt/openssl@1.1/lib -L. -fstack-protector-strong -L/usr/local/lib -L/usr/local/Cellar/openssl@3/3.5.2/lib     -lssl -lcrypto -lcrypto -lssl -lruby.2.7  -lssl -lcrypto -lcrypto -lssl  "
conftest.c:16:57: error: use of undeclared identifier 'accept4'
   16 | int t(void) { void ((*volatile p)()); p = (void ((*)()))accept4; return !p; }
      |                                                         ^
1 error generated.
checked program was:
/* begin */
 1: #include "ruby.h"
 2: 
 3: #include <sys/socket.h>
 4: 
 5: /*top*/
 6: extern int t(void);
 7: int main(int argc, char **argv)
 8: {
 9:   if (argc > 1000000) {
10:     int (* volatile tp)(void)=(int (*)(void))&t;
11:     printf("%d", (*tp)());
12:   }
13: 
14:   return !!argv[argc];
15: }
16: int t(void) { void ((*volatile p)()); p = (void ((*)()))accept4; return !p; }
/* end */

"clang -o conftest -I/Users/stephansmith/.rbenv/versions/2.7.0/include/ruby-2.7.0/x86_64-darwin23 -I/Users/stephansmith/.rbenv/versions/2.7.0/include/ruby-2.7.0/ruby/backward -I/Users/stephansmith/.rbenv/versions/2.7.0/include/ruby-2.7.0 -I. -I/usr/local/Cellar/openssl@3/3.5.2/include -I/usr/local/opt/openssl@1.1/include -D_XOPEN_SOURCE -D_DARWIN_C_SOURCE -D_DARWIN_UNLIMITED_SELECT -D_REENTRANT   -O3 -ggdb3 -Wall -Wextra -Wdeprecated-declarations -Wdivision-by-zero -Wimplicit-function-declaration -Wimplicit-int -Wmisleading-indentation -Wpointer-arith -Wshorten-64-to-32 -Wwrite-strings -Wmissing-noreturn -Wno-cast-function-type -Wno-constant-logical-operand -Wno-long-long -Wno-missing-field-initializers -Wno-overlength-strings -Wno-parentheses-equality -Wno-self-assign -Wno-tautological-compare -Wno-unused-parameter -Wno-unused-value -Wunused-variable -Wextra-tokens  -fno-common -pipe  conftest.c  -L. -L/Users/stephansmith/.rbenv/versions/2.7.0/lib -L/usr/local/opt/openssl@1.1/lib -L. -fstack-protector-strong -L/usr/local/lib -L/usr/local/Cellar/openssl@3/3.5.2/lib     -lssl -lcrypto -lcrypto -lssl -lruby.2.7  -lssl -lcrypto -lcrypto -lssl  "
ld: warning: ignoring duplicate libraries: '-lcrypto', '-lssl'
Undefined symbols for architecture x86_64:
  "_accept4", referenced from:
      _t in conftest-9d4a5a.o
ld: symbol(s) not found for architecture x86_64
clang: error: linker command failed with exit code 1 (use -v to see invocation)
checked program was:
/* begin */
 1: #include "ruby.h"
 2: 
 3: #include <sys/socket.h>
 4: 
 5: /*top*/
 6: extern int t(void);
 7: int main(int argc, char **argv)
 8: {
 9:   if (argc > 1000000) {
10:     int (* volatile tp)(void)=(int (*)(void))&t;
11:     printf("%d", (*tp)());
12:   }
13: 
14:   return !!argv[argc];
15: }
16: extern void accept4();
17: int t(void) { accept4(); return 0; }
/* end */

--------------------

have_const: checking for SOCK_CLOEXEC in sys/socket.h... -------------------- no

"clang -I/Users/stephansmith/.rbenv/versions/2.7.0/include/ruby-2.7.0/x86_64-darwin23 -I/Users/stephansmith/.rbenv/versions/2.7.0/include/ruby-2.7.0/ruby/backward -I/Users/stephansmith/.rbenv/versions/2.7.0/include/ruby-2.7.0 -I. -I/usr/local/Cellar/openssl@3/3.5.2/include -I/usr/local/opt/openssl@1.1/include -D_XOPEN_SOURCE -D_DARWIN_C_SOURCE -D_DARWIN_UNLIMITED_SELECT -D_REENTRANT   -O3 -ggdb3 -Wall -Wextra -Wdeprecated-declarations -Wdivision-by-zero -Wimplicit-function-declaration -Wimplicit-int -Wmisleading-indentation -Wpointer-arith -Wshorten-64-to-32 -Wwrite-strings -Wmissing-noreturn -Wno-cast-function-type -Wno-constant-logical-operand -Wno-long-long -Wno-missing-field-initializers -Wno-overlength-strings -Wno-parentheses-equality -Wno-self-assign -Wno-tautological-compare -Wno-unused-parameter -Wno-unused-value -Wunused-variable -Wextra-tokens  -fno-common -pipe    -c conftest.c"
conftest.c:7:34: error: use of undeclared identifier 'SOCK_CLOEXEC'
    7 | conftest_type conftestval = (int)SOCK_CLOEXEC;
      |                                  ^
1 error generated.
checked program was:
/* begin */
1: #include "ruby.h"
2: 
3: #include <sys/socket.h>
4: 
5: /*top*/
6: typedef int conftest_type;
7: conftest_type conftestval = (int)SOCK_CLOEXEC;
/* end */

--------------------

have_header: checking for sys/event.h... -------------------- yes

"clang -E -I/Users/stephansmith/.rbenv/versions/2.7.0/include/ruby-2.7.0/x86_64-darwin23 -I/Users/stephansmith/.rbenv/versions/2.7.0/include/ruby-2.7.0/ruby/backward -I/Users/stephansmith/.rbenv/versions/2.7.0/include/ruby-2.7.0 -I. -I/usr/local/Cellar/openssl@3/3.5.2/include -I/usr/local/opt/openssl@1.1/include -D_XOPEN_SOURCE -D_DARWIN_C_SOURCE -D_DARWIN_UNLIMITED_SELECT -D_REENTRANT   -O3 -ggdb3 -Wall -Wextra -Wdeprecated-declarations -Wdivision-by-zero -Wimplicit-function-declaration -Wimplicit-int -Wmisleading-indentation -Wpointer-arith -Wshorten-64-to-32 -Wwrite-strings -Wmissing-noreturn -Wno-cast-function-type -Wno-constant-logical-operand -Wno-long-long -Wno-missing-field-initializers -Wno-overlength-strings -Wno-parentheses-equality -Wno-self-assign -Wno-tautological-compare -Wno-unused-parameter -Wno-unused-value -Wunused-variable -Wextra-tokens  -fno-common -pipe   conftest.c -o conftest.i"
checked program was:
/* begin */
1: #include "ruby.h"
2: 
3: #include <sys/event.h>
/* end */

--------------------

have_header: checking for sys/queue.h... -------------------- yes

"clang -E -I/Users/stephansmith/.rbenv/versions/2.7.0/include/ruby-2.7.0/x86_64-darwin23 -I/Users/stephansmith/.rbenv/versions/2.7.0/include/ruby-2.7.0/ruby/backward -I/Users/stephansmith/.rbenv/versions/2.7.0/include/ruby-2.7.0 -I. -I/usr/local/Cellar/openssl@3/3.5.2/include -I/usr/local/opt/openssl@1.1/include -D_XOPEN_SOURCE -D_DARWIN_C_SOURCE -D_DARWIN_UNLIMITED_SELECT -D_REENTRANT   -O3 -ggdb3 -Wall -Wextra -Wdeprecated-declarations -Wdivision-by-zero -Wimplicit-function-declaration -Wimplicit-int -Wmisleading-indentation -Wpointer-arith -Wshorten-64-to-32 -Wwrite-strings -Wmissing-noreturn -Wno-cast-function-type -Wno-constant-logical-operand -Wno-long-long -Wno-missing-field-initializers -Wno-overlength-strings -Wno-parentheses-equality -Wno-self-assign -Wno-tautological-compare -Wno-unused-parameter -Wno-unused-value -Wunused-variable -Wextra-tokens  -fno-common -pipe   conftest.c -o conftest.i"
checked program was:
/* begin */
1: #include "ruby.h"
2: 
3: #include <sys/queue.h>
/* end */

--------------------

have_func: checking for clock_gettime()... -------------------- yes

"clang -o conftest -I/Users/stephansmith/.rbenv/versions/2.7.0/include/ruby-2.7.0/x86_64-darwin23 -I/Users/stephansmith/.rbenv/versions/2.7.0/include/ruby-2.7.0/ruby/backward -I/Users/stephansmith/.rbenv/versions/2.7.0/include/ruby-2.7.0 -I. -I/usr/local/Cellar/openssl@3/3.5.2/include -I/usr/local/opt/openssl@1.1/include -D_XOPEN_SOURCE -D_DARWIN_C_SOURCE -D_DARWIN_UNLIMITED_SELECT -D_REENTRANT   -O3 -ggdb3 -Wall -Wextra -Wdeprecated-declarations -Wdivision-by-zero -Wimplicit-function-declaration -Wimplicit-int -Wmisleading-indentation -Wpointer-arith -Wshorten-64-to-32 -Wwrite-strings -Wmissing-noreturn -Wno-cast-function-type -Wno-constant-logical-operand -Wno-long-long -Wno-missing-field-initializers -Wno-overlength-strings -Wno-parentheses-equality -Wno-self-assign -Wno-tautological-compare -Wno-unused-parameter -Wno-unused-value -Wunused-variable -Wextra-tokens  -fno-common -pipe  conftest.c  -L. -L/Users/stephansmith/.rbenv/versions/2.7.0/lib -L/usr/local/opt/openssl@1.1/lib -L. -fstack-protector-strong -L/usr/local/lib -L/usr/local/Cellar/openssl@3/3.5.2/lib     -lssl -lcrypto -lcrypto -lssl -lruby.2.7  -lssl -lcrypto -lcrypto -lssl  "
conftest.c:14:57: error: use of undeclared identifier 'clock_gettime'
   14 | int t(void) { void ((*volatile p)()); p = (void ((*)()))clock_gettime; return !p; }
      |                                                         ^
1 error generated.
checked program was:
/* begin */
 1: #include "ruby.h"
 2: 
 3: /*top*/
 4: extern int t(void);
 5: int main(int argc, char **argv)
 6: {
 7:   if (argc > 1000000) {
 8:     int (* volatile tp)(void)=(int (*)(void))&t;
 9:     printf("%d", (*tp)());
10:   }
11: 
12:   return !!argv[argc];
13: }
14: int t(void) { void ((*volatile p)()); p = (void ((*)()))clock_gettime; return !p; }
/* end */

"clang -o conftest -I/Users/stephansmith/.rbenv/versions/2.7.0/include/ruby-2.7.0/x86_64-darwin23 -I/Users/stephansmith/.rbenv/versions/2.7.0/include/ruby-2.7.0/ruby/backward -I/Users/stephansmith/.rbenv/versions/2.7.0/include/ruby-2.7.0 -I. -I/usr/local/Cellar/openssl@3/3.5.2/include -I/usr/local/opt/openssl@1.1/include -D_XOPEN_SOURCE -D_DARWIN_C_SOURCE -D_DARWIN_UNLIMITED_SELECT -D_REENTRANT   -O3 -ggdb3 -Wall -Wextra -Wdeprecated-declarations -Wdivision-by-zero -Wimplicit-function-declaration -Wimplicit-int -Wmisleading-indentation -Wpointer-arith -Wshorten-64-to-32 -Wwrite-strings -Wmissing-noreturn -Wno-cast-function-type -Wno-constant-logical-operand -Wno-long-long -Wno-missing-field-initializers -Wno-overlength-strings -Wno-parentheses-equality -Wno-self-assign -Wno-tautological-compare -Wno-unused-parameter -Wno-unused-value -Wunused-variable -Wextra-tokens  -fno-common -pipe  conftest.c  -L. -L/Users/stephansmith/.rbenv/versions/2.7.0/lib -L/usr/local/opt/openssl@1.1/lib -L. -fstack-protector-strong -L/usr/local/lib -L/usr/local/Cellar/openssl@3/3.5.2/lib     -lssl -lcrypto -lcrypto -lssl -lruby.2.7  -lssl -lcrypto -lcrypto -lssl  "
ld: warning: ignoring duplicate libraries: '-lcrypto', '-lssl'
checked program was:
/* begin */
 1: #include "ruby.h"
 2: 
 3: /*top*/
 4: extern int t(void);
 5: int main(int argc, char **argv)
 6: {
 7:   if (argc > 1000000) {
 8:     int (* volatile tp)(void)=(int (*)(void))&t;
 9:     printf("%d", (*tp)());
10:   }
11: 
12:   return !!argv[argc];
13: }
14: extern void clock_gettime();
15: int t(void) { clock_gettime(); return 0; }
/* end */

--------------------

have_const: checking for CLOCK_MONOTONIC_RAW in time.h... -------------------- yes

"clang -I/Users/stephansmith/.rbenv/versions/2.7.0/include/ruby-2.7.0/x86_64-darwin23 -I/Users/stephansmith/.rbenv/versions/2.7.0/include/ruby-2.7.0/ruby/backward -I/Users/stephansmith/.rbenv/versions/2.7.0/include/ruby-2.7.0 -I. -I/usr/local/Cellar/openssl@3/3.5.2/include -I/usr/local/opt/openssl@1.1/include -D_XOPEN_SOURCE -D_DARWIN_C_SOURCE -D_DARWIN_UNLIMITED_SELECT -D_REENTRANT   -O3 -ggdb3 -Wall -Wextra -Wdeprecated-declarations -Wdivision-by-zero -Wimplicit-function-declaration -Wimplicit-int -Wmisleading-indentation -Wpointer-arith -Wshorten-64-to-32 -Wwrite-strings -Wmissing-noreturn -Wno-cast-function-type -Wno-constant-logical-operand -Wno-long-long -Wno-missing-field-initializers -Wno-overlength-strings -Wno-parentheses-equality -Wno-self-assign -Wno-tautological-compare -Wno-unused-parameter -Wno-unused-value -Wunused-variable -Wextra-tokens  -fno-common -pipe    -c conftest.c"
checked program was:
/* begin */
1: #include "ruby.h"
2: 
3: #include <time.h>
4: 
5: /*top*/
6: typedef int conftest_type;
7: conftest_type conftestval = (int)CLOCK_MONOTONIC_RAW;
/* end */

--------------------

have_const: checking for CLOCK_MONOTONIC in time.h... -------------------- yes

"clang -I/Users/stephansmith/.rbenv/versions/2.7.0/include/ruby-2.7.0/x86_64-darwin23 -I/Users/stephansmith/.rbenv/versions/2.7.0/include/ruby-2.7.0/ruby/backward -I/Users/stephansmith/.rbenv/versions/2.7.0/include/ruby-2.7.0 -I. -I/usr/local/Cellar/openssl@3/3.5.2/include -I/usr/local/opt/openssl@1.1/include -D_XOPEN_SOURCE -D_DARWIN_C_SOURCE -D_DARWIN_UNLIMITED_SELECT -D_REENTRANT   -O3 -ggdb3 -Wall -Wextra -Wdeprecated-declarations -Wdivision-by-zero -Wimplicit-function-declaration -Wimplicit-int -Wmisleading-indentation -Wpointer-arith -Wshorten-64-to-32 -Wwrite-strings -Wmissing-noreturn -Wno-cast-function-type -Wno-constant-logical-operand -Wno-long-long -Wno-missing-field-initializers -Wno-overlength-strings -Wno-parentheses-equality -Wno-self-assign -Wno-tautological-compare -Wno-unused-parameter -Wno-unused-value -Wunused-variable -Wextra-tokens  -fno-common -pipe    -c conftest.c"
checked program was:
/* begin */
1: #include "ruby.h"
2: 
3: #include <time.h>
4: 
5: /*top*/
6: typedef int conftest_type;
7: conftest_type conftestval = (int)CLOCK_MONOTONIC;
/* end */

--------------------

"clang++ -o conftest -I/Users/stephansmith/.rbenv/versions/2.7.0/include/ruby-2.7.0/x86_64-darwin23 -I/Users/stephansmith/.rbenv/versions/2.7.0/include/ruby-2.7.0/ruby/backward -I/Users/stephansmith/.rbenv/versions/2.7.0/include/ruby-2.7.0 -I. -I/usr/local/Cellar/openssl@3/3.5.2/include -I/usr/local/opt/openssl@1.1/include -D_XOPEN_SOURCE -D_DARWIN_C_SOURCE -D_DARWIN_UNLIMITED_SELECT -D_REENTRANT   -O3 -ggdb3 -Wall -Wextra -Wdeprecated-declarations -Wdivision-by-zero -Wimplicit-function-declaration -Wimplicit-int -Wmisleading-indentation -Wpointer-arith -Wshorten-64-to-32 -Wwrite-strings -Wmissing-noreturn -Wno-cast-function-type -Wno-constant-logical-operand -Wno-long-long -Wno-missing-field-initializers -Wno-overlength-strings -Wno-parentheses-equality -Wno-self-assign -Wno-tautological-compare -Wno-unused-parameter -Wno-unused-value -Wunused-variable -Wextra-tokens  -fno-common -pipe  conftest.c  -L. -L/Users/stephansmith/.rbenv/versions/2.7.0/lib -L/usr/local/opt/openssl@1.1/lib -L. -fstack-protector-strong -L/usr/local/lib -L/usr/local/Cellar/openssl@3/3.5.2/lib     -lssl -lcrypto -lcrypto -lssl -lruby.2.7 -Wall  "
clang++: warning: treating 'c' input as 'c++' when in C++ mode, this behavior is deprecated [-Wdeprecated]
ld: warning: ignoring duplicate libraries: '-lcrypto', '-lssl'
checked program was:
/* begin */
1: #include "ruby.h"
2: 
3: int main() {return 0;}
/* end */

"clang++ -o conftest -I/Users/stephansmith/.rbenv/versions/2.7.0/include/ruby-2.7.0/x86_64-darwin23 -I/Users/stephansmith/.rbenv/versions/2.7.0/include/ruby-2.7.0/ruby/backward -I/Users/stephansmith/.rbenv/versions/2.7.0/include/ruby-2.7.0 -I. -I/usr/local/Cellar/openssl@3/3.5.2/include -I/usr/local/opt/openssl@1.1/include -D_XOPEN_SOURCE -D_DARWIN_C_SOURCE -D_DARWIN_UNLIMITED_SELECT -D_REENTRANT   -O3 -ggdb3 -Wall -Wextra -Wdeprecated-declarations -Wdivision-by-zero -Wimplicit-function-declaration -Wimplicit-int -Wmisleading-indentation -Wpointer-arith -Wshorten-64-to-32 -Wwrite-strings -Wmissing-noreturn -Wno-cast-function-type -Wno-constant-logical-operand -Wno-long-long -Wno-missing-field-initializers -Wno-overlength-strings -Wno-parentheses-equality -Wno-self-assign -Wno-tautological-compare -Wno-unused-parameter -Wno-unused-value -Wunused-variable -Wextra-tokens  -fno-common -pipe  conftest.c  -L. -L/Users/stephansmith/.rbenv/versions/2.7.0/lib -L/usr/local/opt/openssl@1.1/lib -L. -fstack-protector-strong -L/usr/local/lib -L/usr/local/Cellar/openssl@3/3.5.2/lib     -lssl -lcrypto -lcrypto -lssl -lruby.2.7 -Wextra  "
clang++: warning: treating 'c' input as 'c++' when in C++ mode, this behavior is deprecated [-Wdeprecated]
ld: warning: ignoring duplicate libraries: '-lcrypto', '-lssl'
checked program was:
/* begin */
1: #include "ruby.h"
2: 
3: int main() {return 0;}
/* end */

"clang++ -o conftest -I/Users/stephansmith/.rbenv/versions/2.7.0/include/ruby-2.7.0/x86_64-darwin23 -I/Users/stephansmith/.rbenv/versions/2.7.0/include/ruby-2.7.0/ruby/backward -I/Users/stephansmith/.rbenv/versions/2.7.0/include/ruby-2.7.0 -I. -I/usr/local/Cellar/openssl@3/3.5.2/include -I/usr/local/opt/openssl@1.1/include -D_XOPEN_SOURCE -D_DARWIN_C_SOURCE -D_DARWIN_UNLIMITED_SELECT -D_REENTRANT   -O3 -ggdb3 -Wall -Wextra -Wdeprecated-declarations -Wdivision-by-zero -Wimplicit-function-declaration -Wimplicit-int -Wmisleading-indentation -Wpointer-arith -Wshorten-64-to-32 -Wwrite-strings -Wmissing-noreturn -Wno-cast-function-type -Wno-constant-logical-operand -Wno-long-long -Wno-missing-field-initializers -Wno-overlength-strings -Wno-parentheses-equality -Wno-self-assign -Wno-tautological-compare -Wno-unused-parameter -Wno-unused-value -Wunused-variable -Wextra-tokens  -fno-common -pipe  conftest.c  -L. -L/Users/stephansmith/.rbenv/versions/2.7.0/lib -L/usr/local/opt/openssl@1.1/lib -L. -fstack-protector-strong -L/usr/local/lib -L/usr/local/Cellar/openssl@3/3.5.2/lib     -lssl -lcrypto -lcrypto -lssl -lruby.2.7 -Wno-deprecated-declarations  "
clang++: warning: treating 'c' input as 'c++' when in C++ mode, this behavior is deprecated [-Wdeprecated]
ld: warning: ignoring duplicate libraries: '-lcrypto', '-lssl'
checked program was:
/* begin */
1: #include "ruby.h"
2: 
3: int main() {return 0;}
/* end */

"clang++ -o conftest -I/Users/stephansmith/.rbenv/versions/2.7.0/include/ruby-2.7.0/x86_64-darwin23 -I/Users/stephansmith/.rbenv/versions/2.7.0/include/ruby-2.7.0/ruby/backward -I/Users/stephansmith/.rbenv/versions/2.7.0/include/ruby-2.7.0 -I. -I/usr/local/Cellar/openssl@3/3.5.2/include -I/usr/local/opt/openssl@1.1/include -D_XOPEN_SOURCE -D_DARWIN_C_SOURCE -D_DARWIN_UNLIMITED_SELECT -D_REENTRANT   -O3 -ggdb3 -Wall -Wextra -Wdeprecated-declarations -Wdivision-by-zero -Wimplicit-function-declaration -Wimplicit-int -Wmisleading-indentation -Wpointer-arith -Wshorten-64-to-32 -Wwrite-strings -Wmissing-noreturn -Wno-cast-function-type -Wno-constant-logical-operand -Wno-long-long -Wno-missing-field-initializers -Wno-overlength-strings -Wno-parentheses-equality -Wno-self-assign -Wno-tautological-compare -Wno-unused-parameter -Wno-unused-value -Wunused-variable -Wextra-tokens  -fno-common -pipe  conftest.c  -L. -L/Users/stephansmith/.rbenv/versions/2.7.0/lib -L/usr/local/opt/openssl@1.1/lib -L. -fstack-protector-strong -L/usr/local/lib -L/usr/local/Cellar/openssl@3/3.5.2/lib     -lssl -lcrypto -lcrypto -lssl -lruby.2.7 -Wno-ignored-qualifiers  "
clang++: warning: treating 'c' input as 'c++' when in C++ mode, this behavior is deprecated [-Wdeprecated]
ld: warning: ignoring duplicate libraries: '-lcrypto', '-lssl'
checked program was:
/* begin */
1: #include "ruby.h"
2: 
3: int main() {return 0;}
/* end */

"clang++ -o conftest -I/Users/stephansmith/.rbenv/versions/2.7.0/include/ruby-2.7.0/x86_64-darwin23 -I/Users/stephansmith/.rbenv/versions/2.7.0/include/ruby-2.7.0/ruby/backward -I/Users/stephansmith/.rbenv/versions/2.7.0/include/ruby-2.7.0 -I. -I/usr/local/Cellar/openssl@3/3.5.2/include -I/usr/local/opt/openssl@1.1/include -D_XOPEN_SOURCE -D_DARWIN_C_SOURCE -D_DARWIN_UNLIMITED_SELECT -D_REENTRANT   -O3 -ggdb3 -Wall -Wextra -Wdeprecated-declarations -Wdivision-by-zero -Wimplicit-function-declaration -Wimplicit-int -Wmisleading-indentation -Wpointer-arith -Wshorten-64-to-32 -Wwrite-strings -Wmissing-noreturn -Wno-cast-function-type -Wno-constant-logical-operand -Wno-long-long -Wno-missing-field-initializers -Wno-overlength-strings -Wno-parentheses-equality -Wno-self-assign -Wno-tautological-compare -Wno-unused-parameter -Wno-unused-value -Wunused-variable -Wextra-tokens  -fno-common -pipe  conftest.c  -L. -L/Users/stephansmith/.rbenv/versions/2.7.0/lib -L/usr/local/opt/openssl@1.1/lib -L. -fstack-protector-strong -L/usr/local/lib -L/usr/local/Cellar/openssl@3/3.5.2/lib     -lssl -lcrypto -lcrypto -lssl -lruby.2.7 -Wno-unused-result  "
clang++: warning: treating 'c' input as 'c++' when in C++ mode, this behavior is deprecated [-Wdeprecated]
ld: warning: ignoring duplicate libraries: '-lcrypto', '-lssl'
checked program was:
/* begin */
1: #include "ruby.h"
2: 
3: int main() {return 0;}
/* end */

"clang++ -o conftest -I/Users/stephansmith/.rbenv/versions/2.7.0/include/ruby-2.7.0/x86_64-darwin23 -I/Users/stephansmith/.rbenv/versions/2.7.0/include/ruby-2.7.0/ruby/backward -I/Users/stephansmith/.rbenv/versions/2.7.0/include/ruby-2.7.0 -I. -I/usr/local/Cellar/openssl@3/3.5.2/include -I/usr/local/opt/openssl@1.1/include -D_XOPEN_SOURCE -D_DARWIN_C_SOURCE -D_DARWIN_UNLIMITED_SELECT -D_REENTRANT   -O3 -ggdb3 -Wall -Wextra -Wdeprecated-declarations -Wdivision-by-zero -Wimplicit-function-declaration -Wimplicit-int -Wmisleading-indentation -Wpointer-arith -Wshorten-64-to-32 -Wwrite-strings -Wmissing-noreturn -Wno-cast-function-type -Wno-constant-logical-operand -Wno-long-long -Wno-missing-field-initializers -Wno-overlength-strings -Wno-parentheses-equality -Wno-self-assign -Wno-tautological-compare -Wno-unused-parameter -Wno-unused-value -Wunused-variable -Wextra-tokens  -fno-common -pipe  conftest.c  -L. -L/Users/stephansmith/.rbenv/versions/2.7.0/lib -L/usr/local/opt/openssl@1.1/lib -L. -fstack-protector-strong -L/usr/local/lib -L/usr/local/Cellar/openssl@3/3.5.2/lib     -lssl -lcrypto -lcrypto -lssl -lruby.2.7 -Wno-address  "
clang++: warning: treating 'c' input as 'c++' when in C++ mode, this behavior is deprecated [-Wdeprecated]
ld: warning: ignoring duplicate libraries: '-lcrypto', '-lssl'
checked program was:
/* begin */
1: #include "ruby.h"
2: 
3: int main() {return 0;}
/* end */

"clang++ -o conftest -I/Users/stephansmith/.rbenv/versions/2.7.0/include/ruby-2.7.0/x86_64-darwin23 -I/Users/stephansmith/.rbenv/versions/2.7.0/include/ruby-2.7.0/ruby/backward -I/Users/stephansmith/.rbenv/versions/2.7.0/include/ruby-2.7.0 -I. -I/usr/local/Cellar/openssl@3/3.5.2/include -I/usr/local/opt/openssl@1.1/include -D_XOPEN_SOURCE -D_DARWIN_C_SOURCE -D_DARWIN_UNLIMITED_SELECT -D_REENTRANT   -O3 -ggdb3 -Wall -Wextra -Wdeprecated-declarations -Wdivision-by-zero -Wimplicit-function-declaration -Wimplicit-int -Wmisleading-indentation -Wpointer-arith -Wshorten-64-to-32 -Wwrite-strings -Wmissing-noreturn -Wno-cast-function-type -Wno-constant-logical-operand -Wno-long-long -Wno-missing-field-initializers -Wno-overlength-strings -Wno-parentheses-equality -Wno-self-assign -Wno-tautological-compare -Wno-unused-parameter -Wno-unused-value -Wunused-variable -Wextra-tokens  -fno-common -pipe  conftest.c  -L. -L/Users/stephansmith/.rbenv/versions/2.7.0/lib -L/usr/local/opt/openssl@1.1/lib -L. -fstack-protector-strong -L/usr/local/lib -L/usr/local/Cellar/openssl@3/3.5.2/lib     -lssl -lcrypto -lcrypto -lssl -lruby.2.7 -lstdc++  "
clang++: warning: treating 'c' input as 'c++' when in C++ mode, this behavior is deprecated [-Wdeprecated]
conftest.c:3:12: fatal error: 'utility' file not found
    3 |   #include <utility>
      |            ^~~~~~~~~
1 error generated.
checked program was:
/* begin */
1: #include "ruby.h"
2: 
3:   #include <utility>
4:   using namespace std;
5:   int main(){ pair<const int,int> tuple = make_pair(1,2); }
/* end */

